{"C:\\Users\\kanuma\\Desktop\\andela\\projects\\html_css\\mybrand-api-ts\\src\\app.ts": {"path":"C:\\Users\\kanuma\\Desktop\\andela\\projects\\html_css\\mybrand-api-ts\\src\\app.ts","statementMap":{"0":{"start":{"line":1,"column":0},"end":{"line":1,"column":30}},"1":{"start":{"line":2,"column":0},"end":{"line":2,"column":30}},"2":{"start":{"line":4,"column":0},"end":{"line":4,"column":28}},"3":{"start":{"line":5,"column":0},"end":{"line":5,"column":16}},"4":{"start":{"line":7,"column":17},"end":{"line":7,"column":36}},"5":{"start":{"line":8,"column":0},"end":{"line":8,"column":40}},"6":{"start":{"line":10,"column":0},"end":{"line":10,"column":50}},"7":{"start":{"line":11,"column":0},"end":{"line":11,"column":57}},"8":{"start":{"line":12,"column":0},"end":{"line":12,"column":55}},"9":{"start":{"line":13,"column":0},"end":{"line":13,"column":63}},"10":{"start":{"line":14,"column":0},"end":{"line":14,"column":61}},"11":{"start":{"line":15,"column":0},"end":{"line":15,"column":56}},"12":{"start":{"line":16,"column":0},"end":{"line":16,"column":58}},"13":{"start":{"line":17,"column":0},"end":{"line":17,"column":57}},"14":{"start":{"line":18,"column":0},"end":{"line":18,"column":24}},"15":{"start":{"line":19,"column":0},"end":{"line":19,"column":63}},"16":{"start":{"line":20,"column":0},"end":{"line":20,"column":43}},"17":{"start":{"line":21,"column":0},"end":{"line":21,"column":43}},"18":{"start":{"line":23,"column":12},"end":{"line":23,"column":21}},"19":{"start":{"line":48,"column":9},"end":{"line":48,"column":12}},"20":{"start":{"line":24,"column":0},"end":{"line":28,"column":4}},"21":{"start":{"line":29,"column":0},"end":{"line":29,"column":70}},"22":{"start":{"line":30,"column":0},"end":{"line":30,"column":31}},"23":{"start":{"line":31,"column":0},"end":{"line":31,"column":24}},"24":{"start":{"line":32,"column":0},"end":{"line":34,"column":4}},"25":{"start":{"line":36,"column":0},"end":{"line":36,"column":33}},"26":{"start":{"line":37,"column":0},"end":{"line":37,"column":40}},"27":{"start":{"line":38,"column":0},"end":{"line":38,"column":46}},"28":{"start":{"line":39,"column":0},"end":{"line":39,"column":114}},"29":{"start":{"line":40,"column":0},"end":{"line":40,"column":107}},"30":{"start":{"line":41,"column":0},"end":{"line":41,"column":113}},"31":{"start":{"line":43,"column":0},"end":{"line":45,"column":3}},"32":{"start":{"line":44,"column":4},"end":{"line":44,"column":47}},"33":{"start":{"line":46,"column":0},"end":{"line":46,"column":22}}},"fnMap":{"0":{"name":"(anonymous_1)","decl":{"start":{"line":43,"column":13},"end":{"line":43,"column":15}},"loc":{"start":{"line":43,"column":17},"end":{"line":45,"column":1}}}},"branchMap":{},"s":{"0":7,"1":7,"2":7,"3":7,"4":7,"5":7,"6":7,"7":7,"8":7,"9":7,"10":7,"11":7,"12":7,"13":7,"14":7,"15":7,"16":7,"17":7,"18":7,"19":7,"20":7,"21":7,"22":7,"23":7,"24":7,"25":7,"26":7,"27":7,"28":7,"29":7,"30":7,"31":7,"32":1,"33":7},"f":{"0":1},"b":{}}
,"C:\\Users\\kanuma\\Desktop\\andela\\projects\\html_css\\mybrand-api-ts\\src\\index.ts": {"path":"C:\\Users\\kanuma\\Desktop\\andela\\projects\\html_css\\mybrand-api-ts\\src\\index.ts","statementMap":{"0":{"start":{"line":1,"column":0},"end":{"line":1,"column":32}},"1":{"start":{"line":2,"column":0},"end":{"line":2,"column":28}},"2":{"start":{"line":4,"column":0},"end":{"line":4,"column":28}},"3":{"start":{"line":5,"column":0},"end":{"line":5,"column":16}},"4":{"start":{"line":7,"column":13},"end":{"line":7,"column":37}},"5":{"start":{"line":9,"column":14},"end":{"line":24,"column":null}},"6":{"start":{"line":9,"column":24},"end":{"line":24,"column":null}},"7":{"start":{"line":10,"column":2},"end":{"line":10,"column":null}},"8":{"start":{"line":11,"column":4},"end":{"line":13,"column":null}},"9":{"start":{"line":12,"column":8},"end":{"line":12,"column":null}},"10":{"start":{"line":14,"column":4},"end":{"line":16,"column":null}},"11":{"start":{"line":15,"column":6},"end":{"line":15,"column":null}},"12":{"start":{"line":17,"column":4},"end":{"line":23,"column":null}},"13":{"start":{"line":18,"column":6},"end":{"line":18,"column":52}},"14":{"start":{"line":19,"column":6},"end":{"line":19,"column":null}},"15":{"start":{"line":22,"column":6},"end":{"line":22,"column":48}},"16":{"start":{"line":26,"column":0},"end":{"line":28,"column":3}},"17":{"start":{"line":27,"column":4},"end":{"line":27,"column":45}},"18":{"start":{"line":30,"column":0},"end":{"line":30,"column":8}}},"fnMap":{"0":{"name":"(anonymous_8)","decl":{"start":{"line":9,"column":14},"end":{"line":9,"column":22}},"loc":{"start":{"line":9,"column":24},"end":{"line":24,"column":null}}},"1":{"name":"(anonymous_9)","decl":{"start":{"line":9,"column":24},"end":{"line":9,"column":null}},"loc":{"start":{"line":9,"column":24},"end":{"line":24,"column":3}}},"2":{"name":"(anonymous_10)","decl":{"start":{"line":26,"column":17},"end":{"line":26,"column":20}},"loc":{"start":{"line":26,"column":22},"end":{"line":28,"column":1}}}},"branchMap":{"0":{"loc":{"start":{"line":7,"column":13},"end":{"line":7,"column":37}},"type":"binary-expr","locations":[{"start":{"line":7,"column":13},"end":{"line":7,"column":29}},{"start":{"line":7,"column":33},"end":{"line":7,"column":37}}]},"1":{"loc":{"start":{"line":11,"column":4},"end":{"line":13,"column":null}},"type":"if","locations":[{"start":{"line":11,"column":4},"end":{"line":13,"column":null}}]},"2":{"loc":{"start":{"line":14,"column":4},"end":{"line":16,"column":null}},"type":"if","locations":[{"start":{"line":14,"column":4},"end":{"line":16,"column":null}}]}},"s":{"0":0,"1":0,"2":0,"3":0,"4":0,"5":0,"6":0,"7":0,"8":0,"9":0,"10":0,"11":0,"12":0,"13":0,"14":0,"15":0,"16":0,"17":0,"18":0},"f":{"0":0,"1":0,"2":0},"b":{"0":[0,0],"1":[0],"2":[0]}}
,"C:\\Users\\kanuma\\Desktop\\andela\\projects\\html_css\\mybrand-api-ts\\src\\errors\\bad-request-error.ts": {"path":"C:\\Users\\kanuma\\Desktop\\andela\\projects\\html_css\\mybrand-api-ts\\src\\errors\\bad-request-error.ts","statementMap":{"0":{"start":{"line":1,"column":0},"end":{"line":1,"column":45}},"1":{"start":{"line":7,"column":6},"end":{"line":7,"column":21}},"2":{"start":{"line":6,"column":23},"end":{"line":6,"column":38}},"3":{"start":{"line":6,"column":47},"end":{"line":6,"column":61}},"4":{"start":{"line":4,"column":4},"end":{"line":4,"column":21}},"5":{"start":{"line":8,"column":6},"end":{"line":8,"column":61}},"6":{"start":{"line":12,"column":6},"end":{"line":12,"column":60}},"7":{"start":{"line":3,"column":0},"end":{"line":3,"column":13}}},"fnMap":{"0":{"name":"(anonymous_0)","decl":{"start":{"line":6,"column":4},"end":{"line":6,"column":23}},"loc":{"start":{"line":6,"column":61},"end":{"line":9,"column":5}}},"1":{"name":"(anonymous_1)","decl":{"start":{"line":11,"column":4},"end":{"line":11,"column":19}},"loc":{"start":{"line":11,"column":19},"end":{"line":13,"column":5}}}},"branchMap":{},"s":{"0":7,"1":2,"2":2,"3":2,"4":2,"5":2,"6":0,"7":7},"f":{"0":2,"1":0},"b":{}}
,"C:\\Users\\kanuma\\Desktop\\andela\\projects\\html_css\\mybrand-api-ts\\src\\errors\\custom-error.ts": {"path":"C:\\Users\\kanuma\\Desktop\\andela\\projects\\html_css\\mybrand-api-ts\\src\\errors\\custom-error.ts","statementMap":{"0":{"start":{"line":5,"column":4},"end":{"line":5,"column":null}},"1":{"start":{"line":4,"column":21},"end":{"line":4,"column":36}},"2":{"start":{"line":4,"column":45},"end":{"line":4,"column":59}},"3":{"start":{"line":7,"column":4},"end":{"line":7,"column":55}},"4":{"start":{"line":1,"column":0},"end":{"line":1,"column":22}}},"fnMap":{"0":{"name":"(anonymous_0)","decl":{"start":{"line":4,"column":2},"end":{"line":4,"column":21}},"loc":{"start":{"line":4,"column":59},"end":{"line":8,"column":3}}}},"branchMap":{},"s":{"0":18,"1":18,"2":18,"3":18,"4":7},"f":{"0":18},"b":{}}
,"C:\\Users\\kanuma\\Desktop\\andela\\projects\\html_css\\mybrand-api-ts\\src\\errors\\not-authorized-error.ts": {"path":"C:\\Users\\kanuma\\Desktop\\andela\\projects\\html_css\\mybrand-api-ts\\src\\errors\\not-authorized-error.ts","statementMap":{"0":{"start":{"line":1,"column":0},"end":{"line":1,"column":45}},"1":{"start":{"line":7,"column":6},"end":{"line":7,"column":21}},"2":{"start":{"line":6,"column":23},"end":{"line":6,"column":38}},"3":{"start":{"line":6,"column":47},"end":{"line":6,"column":61}},"4":{"start":{"line":4,"column":4},"end":{"line":4,"column":21}},"5":{"start":{"line":8,"column":6},"end":{"line":8,"column":64}},"6":{"start":{"line":12,"column":6},"end":{"line":12,"column":60}},"7":{"start":{"line":3,"column":0},"end":{"line":3,"column":13}}},"fnMap":{"0":{"name":"(anonymous_0)","decl":{"start":{"line":6,"column":4},"end":{"line":6,"column":23}},"loc":{"start":{"line":6,"column":61},"end":{"line":9,"column":5}}},"1":{"name":"(anonymous_1)","decl":{"start":{"line":11,"column":4},"end":{"line":11,"column":19}},"loc":{"start":{"line":11,"column":19},"end":{"line":13,"column":5}}}},"branchMap":{},"s":{"0":7,"1":2,"2":2,"3":2,"4":2,"5":2,"6":0,"7":7},"f":{"0":2,"1":0},"b":{}}
,"C:\\Users\\kanuma\\Desktop\\andela\\projects\\html_css\\mybrand-api-ts\\src\\errors\\not-found-error.ts": {"path":"C:\\Users\\kanuma\\Desktop\\andela\\projects\\html_css\\mybrand-api-ts\\src\\errors\\not-found-error.ts","statementMap":{"0":{"start":{"line":1,"column":0},"end":{"line":1,"column":45}},"1":{"start":{"line":8,"column":6},"end":{"line":8,"column":21}},"2":{"start":{"line":7,"column":23},"end":{"line":7,"column":38}},"3":{"start":{"line":5,"column":4},"end":{"line":5,"column":21}},"4":{"start":{"line":9,"column":6},"end":{"line":9,"column":59}},"5":{"start":{"line":13,"column":6},"end":{"line":13,"column":41}},"6":{"start":{"line":4,"column":0},"end":{"line":4,"column":13}}},"fnMap":{"0":{"name":"(anonymous_0)","decl":{"start":{"line":7,"column":4},"end":{"line":7,"column":23}},"loc":{"start":{"line":7,"column":38},"end":{"line":10,"column":5}}},"1":{"name":"(anonymous_1)","decl":{"start":{"line":12,"column":4},"end":{"line":12,"column":19}},"loc":{"start":{"line":12,"column":19},"end":{"line":14,"column":5}}}},"branchMap":{},"s":{"0":7,"1":4,"2":4,"3":4,"4":4,"5":0,"6":7},"f":{"0":4,"1":0},"b":{}}
,"C:\\Users\\kanuma\\Desktop\\andela\\projects\\html_css\\mybrand-api-ts\\src\\errors\\request-validation-error.ts": {"path":"C:\\Users\\kanuma\\Desktop\\andela\\projects\\html_css\\mybrand-api-ts\\src\\errors\\request-validation-error.ts","statementMap":{"0":{"start":{"line":1,"column":0},"end":{"line":1,"column":45}},"1":{"start":{"line":7,"column":6},"end":{"line":7,"column":21}},"2":{"start":{"line":6,"column":23},"end":{"line":6,"column":38}},"3":{"start":{"line":6,"column":47},"end":{"line":6,"column":61}},"4":{"start":{"line":4,"column":4},"end":{"line":4,"column":21}},"5":{"start":{"line":8,"column":6},"end":{"line":8,"column":68}},"6":{"start":{"line":12,"column":6},"end":{"line":12,"column":60}},"7":{"start":{"line":3,"column":0},"end":{"line":3,"column":13}}},"fnMap":{"0":{"name":"(anonymous_0)","decl":{"start":{"line":6,"column":4},"end":{"line":6,"column":23}},"loc":{"start":{"line":6,"column":61},"end":{"line":9,"column":5}}},"1":{"name":"(anonymous_1)","decl":{"start":{"line":11,"column":4},"end":{"line":11,"column":19}},"loc":{"start":{"line":11,"column":19},"end":{"line":13,"column":5}}}},"branchMap":{},"s":{"0":7,"1":10,"2":10,"3":10,"4":10,"5":10,"6":0,"7":7},"f":{"0":10,"1":0},"b":{}}
,"C:\\Users\\kanuma\\Desktop\\andela\\projects\\html_css\\mybrand-api-ts\\src\\handlers\\blogs.ts": {"path":"C:\\Users\\kanuma\\Desktop\\andela\\projects\\html_css\\mybrand-api-ts\\src\\handlers\\blogs.ts","statementMap":{"0":{"start":{"line":2,"column":0},"end":{"line":2,"column":38}},"1":{"start":{"line":3,"column":0},"end":{"line":3,"column":53}},"2":{"start":{"line":4,"column":0},"end":{"line":4,"column":38}},"3":{"start":{"line":5,"column":0},"end":{"line":5,"column":47}},"4":{"start":{"line":8,"column":0},"end":{"line":8,"column":58}},"5":{"start":{"line":9,"column":0},"end":{"line":9,"column":68}},"6":{"start":{"line":10,"column":0},"end":{"line":10,"column":76}},"7":{"start":{"line":20,"column":35},"end":{"line":27,"column":2}},"8":{"start":{"line":20,"column":88},"end":{"line":27,"column":2}},"9":{"start":{"line":21,"column":4},"end":{"line":26,"column":null}},"10":{"start":{"line":22,"column":25},"end":{"line":22,"column":60}},"11":{"start":{"line":23,"column":8},"end":{"line":23,"column":104}},"12":{"start":{"line":25,"column":8},"end":{"line":25,"column":27}},"13":{"start":{"line":20,"column":13},"end":{"line":20,"column":35}},"14":{"start":{"line":29,"column":37},"end":{"line":49,"column":2}},"15":{"start":{"line":29,"column":90},"end":{"line":49,"column":2}},"16":{"start":{"line":30,"column":4},"end":{"line":48,"column":null}},"17":{"start":{"line":31,"column":28},"end":{"line":31,"column":100}},"18":{"start":{"line":32,"column":23},"end":{"line":32,"column":64}},"19":{"start":{"line":33,"column":21},"end":{"line":42,"column":10}},"20":{"start":{"line":43,"column":8},"end":{"line":43,"column":68}},"21":{"start":{"line":43,"column":25},"end":{"line":43,"column":68}},"22":{"start":{"line":44,"column":28},"end":{"line":44,"column":98}},"23":{"start":{"line":45,"column":8},"end":{"line":45,"column":101}},"24":{"start":{"line":47,"column":8},"end":{"line":47,"column":27}},"25":{"start":{"line":29,"column":13},"end":{"line":29,"column":37}},"26":{"start":{"line":51,"column":32},"end":{"line":86,"column":2}},"27":{"start":{"line":51,"column":85},"end":{"line":86,"column":2}},"28":{"start":{"line":52,"column":4},"end":{"line":85,"column":null}},"29":{"start":{"line":53,"column":39},"end":{"line":53,"column":41}},"30":{"start":{"line":55,"column":8},"end":{"line":70,"column":null}},"31":{"start":{"line":56,"column":38},"end":{"line":56,"column":64}},"32":{"start":{"line":57,"column":32},"end":{"line":57,"column":58}},"33":{"start":{"line":58,"column":29},"end":{"line":60,"column":14}},"34":{"start":{"line":59,"column":16},"end":{"line":59,"column":48}},"35":{"start":{"line":59,"column":25},"end":{"line":59,"column":46}},"36":{"start":{"line":59,"column":48},"end":{"line":59,"column":62}},"37":{"start":{"line":61,"column":12},"end":{"line":61,"column":41}},"38":{"start":{"line":62,"column":12},"end":{"line":62,"column":53}},"39":{"start":{"line":63,"column":12},"end":{"line":63,"column":45}},"40":{"start":{"line":64,"column":12},"end":{"line":64,"column":47}},"41":{"start":{"line":65,"column":12},"end":{"line":65,"column":47}},"42":{"start":{"line":66,"column":12},"end":{"line":66,"column":45}},"43":{"start":{"line":67,"column":12},"end":{"line":67,"column":52}},"44":{"start":{"line":69,"column":12},"end":{"line":69,"column":81}},"45":{"start":{"line":71,"column":31},"end":{"line":71,"column":39}},"46":{"start":{"line":72,"column":24},"end":{"line":77,"column":10}},"47":{"start":{"line":78,"column":8},"end":{"line":78,"column":29}},"48":{"start":{"line":79,"column":21},"end":{"line":79,"column":52}},"49":{"start":{"line":80,"column":8},"end":{"line":80,"column":38}},"50":{"start":{"line":81,"column":8},"end":{"line":81,"column":27}},"51":{"start":{"line":82,"column":8},"end":{"line":82,"column":98}},"52":{"start":{"line":84,"column":8},"end":{"line":84,"column":27}},"53":{"start":{"line":51,"column":13},"end":{"line":51,"column":32}},"54":{"start":{"line":88,"column":32},"end":{"line":121,"column":2}},"55":{"start":{"line":88,"column":85},"end":{"line":121,"column":2}},"56":{"start":{"line":89,"column":4},"end":{"line":120,"column":null}},"57":{"start":{"line":90,"column":26},"end":{"line":90,"column":65}},"58":{"start":{"line":91,"column":8},"end":{"line":91,"column":73}},"59":{"start":{"line":91,"column":23},"end":{"line":91,"column":73}},"60":{"start":{"line":92,"column":8},"end":{"line":92,"column":123}},"61":{"start":{"line":92,"column":67},"end":{"line":92,"column":123}},"62":{"start":{"line":93,"column":39},"end":{"line":93,"column":58}},"63":{"start":{"line":95,"column":8},"end":{"line":110,"column":null}},"64":{"start":{"line":96,"column":38},"end":{"line":96,"column":64}},"65":{"start":{"line":97,"column":32},"end":{"line":97,"column":58}},"66":{"start":{"line":98,"column":29},"end":{"line":100,"column":14}},"67":{"start":{"line":99,"column":16},"end":{"line":99,"column":49}},"68":{"start":{"line":99,"column":26},"end":{"line":99,"column":47}},"69":{"start":{"line":99,"column":49},"end":{"line":99,"column":63}},"70":{"start":{"line":101,"column":12},"end":{"line":101,"column":41}},"71":{"start":{"line":102,"column":12},"end":{"line":102,"column":53}},"72":{"start":{"line":103,"column":12},"end":{"line":103,"column":45}},"73":{"start":{"line":104,"column":12},"end":{"line":104,"column":47}},"74":{"start":{"line":105,"column":12},"end":{"line":105,"column":47}},"75":{"start":{"line":106,"column":12},"end":{"line":106,"column":45}},"76":{"start":{"line":107,"column":12},"end":{"line":107,"column":52}},"77":{"start":{"line":109,"column":12},"end":{"line":109,"column":81}},"78":{"start":{"line":112,"column":32},"end":{"line":112,"column":40}},"79":{"start":{"line":113,"column":8},"end":{"line":113,"column":33}},"80":{"start":{"line":114,"column":8},"end":{"line":114,"column":31}},"81":{"start":{"line":115,"column":8},"end":{"line":115,"column":40}},"82":{"start":{"line":116,"column":8},"end":{"line":116,"column":32}},"83":{"start":{"line":117,"column":8},"end":{"line":117,"column":101}},"84":{"start":{"line":119,"column":8},"end":{"line":119,"column":27}},"85":{"start":{"line":88,"column":13},"end":{"line":88,"column":32}},"86":{"start":{"line":123,"column":30},"end":{"line":141,"column":2}},"87":{"start":{"line":123,"column":83},"end":{"line":141,"column":2}},"88":{"start":{"line":124,"column":4},"end":{"line":140,"column":null}},"89":{"start":{"line":125,"column":26},"end":{"line":125,"column":65}},"90":{"start":{"line":126,"column":8},"end":{"line":126,"column":66}},"91":{"start":{"line":126,"column":23},"end":{"line":126,"column":66}},"92":{"start":{"line":127,"column":22},"end":{"line":127,"column":60}},"93":{"start":{"line":128,"column":8},"end":{"line":135,"column":null}},"94":{"start":{"line":129,"column":24},"end":{"line":129,"column":61}},"95":{"start":{"line":130,"column":12},"end":{"line":132,"column":null}},"96":{"start":{"line":131,"column":16},"end":{"line":131,"column":52}},"97":{"start":{"line":134,"column":12},"end":{"line":134,"column":47}},"98":{"start":{"line":136,"column":8},"end":{"line":136,"column":32}},"99":{"start":{"line":137,"column":8},"end":{"line":137,"column":101}},"100":{"start":{"line":139,"column":8},"end":{"line":139,"column":27}},"101":{"start":{"line":123,"column":13},"end":{"line":123,"column":30}},"102":{"start":{"line":143,"column":32},"end":{"line":154,"column":2}},"103":{"start":{"line":143,"column":85},"end":{"line":154,"column":2}},"104":{"start":{"line":144,"column":4},"end":{"line":153,"column":null}},"105":{"start":{"line":145,"column":26},"end":{"line":145,"column":65}},"106":{"start":{"line":146,"column":8},"end":{"line":146,"column":66}},"107":{"start":{"line":146,"column":23},"end":{"line":146,"column":66}},"108":{"start":{"line":147,"column":8},"end":{"line":147,"column":123}},"109":{"start":{"line":147,"column":68},"end":{"line":147,"column":123}},"110":{"start":{"line":148,"column":8},"end":{"line":148,"column":34}},"111":{"start":{"line":149,"column":8},"end":{"line":149,"column":32}},"112":{"start":{"line":150,"column":8},"end":{"line":150,"column":85}},"113":{"start":{"line":152,"column":8},"end":{"line":152,"column":27}},"114":{"start":{"line":143,"column":13},"end":{"line":143,"column":32}},"115":{"start":{"line":161,"column":85},"end":{"line":161,"column":37911}},"116":{"start":{"line":161,"column":89},"end":{"line":161,"column":37900}},"117":{"start":{"line":161,"column":38026},"end":{"line":161,"column":38032}},"118":{"start":{"line":161,"column":38147},"end":{"line":161,"column":38153}},"119":{"start":{"line":161,"column":38235},"end":{"line":161,"column":38241}},"120":{"start":{"line":161,"column":38326},"end":{"line":161,"column":38332}}},"fnMap":{"0":{"name":"(anonymous_7)","decl":{"start":{"line":20,"column":35},"end":{"line":20,"column":41}},"loc":{"start":{"line":20,"column":88},"end":{"line":27,"column":2}}},"1":{"name":"(anonymous_8)","decl":{"start":{"line":20,"column":88},"end":{"line":20,"column":null}},"loc":{"start":{"line":20,"column":88},"end":{"line":27,"column":1}}},"2":{"name":"(anonymous_9)","decl":{"start":{"line":29,"column":37},"end":{"line":29,"column":43}},"loc":{"start":{"line":29,"column":90},"end":{"line":49,"column":2}}},"3":{"name":"(anonymous_10)","decl":{"start":{"line":29,"column":90},"end":{"line":29,"column":null}},"loc":{"start":{"line":29,"column":90},"end":{"line":49,"column":1}}},"4":{"name":"(anonymous_11)","decl":{"start":{"line":51,"column":32},"end":{"line":51,"column":38}},"loc":{"start":{"line":51,"column":85},"end":{"line":86,"column":2}}},"5":{"name":"(anonymous_12)","decl":{"start":{"line":51,"column":85},"end":{"line":51,"column":null}},"loc":{"start":{"line":51,"column":85},"end":{"line":86,"column":1}}},"6":{"name":"(anonymous_13)","decl":{"start":{"line":58,"column":93},"end":{"line":58,"column":102}},"loc":{"start":{"line":58,"column":113},"end":{"line":60,"column":13}}},"7":{"name":"(anonymous_14)","decl":{"start":{"line":88,"column":32},"end":{"line":88,"column":38}},"loc":{"start":{"line":88,"column":85},"end":{"line":121,"column":2}}},"8":{"name":"(anonymous_15)","decl":{"start":{"line":88,"column":85},"end":{"line":88,"column":null}},"loc":{"start":{"line":88,"column":85},"end":{"line":121,"column":1}}},"9":{"name":"(anonymous_16)","decl":{"start":{"line":98,"column":93},"end":{"line":98,"column":102}},"loc":{"start":{"line":98,"column":113},"end":{"line":100,"column":13}}},"10":{"name":"(anonymous_17)","decl":{"start":{"line":123,"column":30},"end":{"line":123,"column":36}},"loc":{"start":{"line":123,"column":83},"end":{"line":141,"column":2}}},"11":{"name":"(anonymous_18)","decl":{"start":{"line":123,"column":83},"end":{"line":123,"column":null}},"loc":{"start":{"line":123,"column":83},"end":{"line":141,"column":1}}},"12":{"name":"(anonymous_19)","decl":{"start":{"line":143,"column":32},"end":{"line":143,"column":38}},"loc":{"start":{"line":143,"column":85},"end":{"line":154,"column":2}}},"13":{"name":"(anonymous_20)","decl":{"start":{"line":143,"column":85},"end":{"line":143,"column":null}},"loc":{"start":{"line":143,"column":85},"end":{"line":154,"column":1}}},"14":{"name":"oo_cm","decl":{"start":{"line":161,"column":77},"end":{"line":161,"column":82}},"loc":{"start":{"line":161,"column":82},"end":{"line":161,"column":37912}}}},"branchMap":{"0":{"loc":{"start":{"line":43,"column":8},"end":{"line":43,"column":68}},"type":"if","locations":[{"start":{"line":43,"column":8},"end":{"line":43,"column":68}}]},"1":{"loc":{"start":{"line":55,"column":8},"end":{"line":70,"column":null}},"type":"if","locations":[{"start":{"line":55,"column":8},"end":{"line":70,"column":null}},{"start":{"line":68,"column":13},"end":{"line":70,"column":null}}]},"2":{"loc":{"start":{"line":59,"column":16},"end":{"line":59,"column":48}},"type":"if","locations":[{"start":{"line":59,"column":16},"end":{"line":59,"column":48}}]},"3":{"loc":{"start":{"line":91,"column":8},"end":{"line":91,"column":73}},"type":"if","locations":[{"start":{"line":91,"column":8},"end":{"line":91,"column":73}}]},"4":{"loc":{"start":{"line":92,"column":8},"end":{"line":92,"column":123}},"type":"if","locations":[{"start":{"line":92,"column":8},"end":{"line":92,"column":123}}]},"5":{"loc":{"start":{"line":95,"column":8},"end":{"line":110,"column":null}},"type":"if","locations":[{"start":{"line":95,"column":8},"end":{"line":110,"column":null}},{"start":{"line":108,"column":13},"end":{"line":110,"column":null}}]},"6":{"loc":{"start":{"line":99,"column":16},"end":{"line":99,"column":49}},"type":"if","locations":[{"start":{"line":99,"column":16},"end":{"line":99,"column":49}}]},"7":{"loc":{"start":{"line":126,"column":8},"end":{"line":126,"column":66}},"type":"if","locations":[{"start":{"line":126,"column":8},"end":{"line":126,"column":66}}]},"8":{"loc":{"start":{"line":128,"column":8},"end":{"line":135,"column":null}},"type":"if","locations":[{"start":{"line":128,"column":8},"end":{"line":135,"column":null}},{"start":{"line":133,"column":13},"end":{"line":135,"column":null}}]},"9":{"loc":{"start":{"line":130,"column":12},"end":{"line":132,"column":null}},"type":"if","locations":[{"start":{"line":130,"column":12},"end":{"line":132,"column":null}}]},"10":{"loc":{"start":{"line":146,"column":8},"end":{"line":146,"column":66}},"type":"if","locations":[{"start":{"line":146,"column":8},"end":{"line":146,"column":66}}]},"11":{"loc":{"start":{"line":147,"column":8},"end":{"line":147,"column":123}},"type":"if","locations":[{"start":{"line":147,"column":8},"end":{"line":147,"column":123}}]},"12":{"loc":{"start":{"line":161,"column":96},"end":{"line":161,"column":37899}},"type":"binary-expr","locations":[{"start":{"line":161,"column":96},"end":{"line":161,"column":133}},{"start":{"line":161,"column":137},"end":{"line":161,"column":37899}}]}},"s":{"0":7,"1":7,"2":7,"3":7,"4":7,"5":7,"6":7,"7":7,"8":7,"9":7,"10":7,"11":7,"12":0,"13":7,"14":7,"15":1,"16":1,"17":1,"18":1,"19":1,"20":1,"21":0,"22":1,"23":1,"24":0,"25":7,"26":7,"27":14,"28":14,"29":14,"30":14,"31":13,"32":13,"33":13,"34":13,"35":0,"36":13,"37":13,"38":13,"39":13,"40":13,"41":13,"42":13,"43":13,"44":1,"45":13,"46":13,"47":13,"48":13,"49":13,"50":13,"51":13,"52":0,"53":7,"54":7,"55":2,"56":2,"57":2,"58":2,"59":0,"60":2,"61":1,"62":2,"63":2,"64":2,"65":2,"66":2,"67":2,"68":0,"69":2,"70":2,"71":2,"72":2,"73":2,"74":2,"75":2,"76":2,"77":0,"78":2,"79":2,"80":2,"81":2,"82":2,"83":1,"84":1,"85":7,"86":7,"87":2,"88":2,"89":2,"90":2,"91":0,"92":2,"93":2,"94":1,"95":1,"96":1,"97":1,"98":2,"99":2,"100":0,"101":7,"102":7,"103":2,"104":2,"105":2,"106":2,"107":0,"108":2,"109":1,"110":2,"111":2,"112":2,"113":1,"114":7,"115":2,"116":2,"117":7,"118":7,"119":7,"120":7},"f":{"0":7,"1":7,"2":1,"3":1,"4":14,"5":14,"6":13,"7":2,"8":2,"9":2,"10":2,"11":2,"12":2,"13":2,"14":2},"b":{"0":[0],"1":[13,1],"2":[0],"3":[0],"4":[1],"5":[2,0],"6":[0],"7":[0],"8":[1,1],"9":[1],"10":[0],"11":[1],"12":[2,1]}}
,"C:\\Users\\kanuma\\Desktop\\andela\\projects\\html_css\\mybrand-api-ts\\src\\handlers\\comments.ts": {"path":"C:\\Users\\kanuma\\Desktop\\andela\\projects\\html_css\\mybrand-api-ts\\src\\handlers\\comments.ts","statementMap":{"0":{"start":{"line":2,"column":0},"end":{"line":2,"column":38}},"1":{"start":{"line":3,"column":0},"end":{"line":3,"column":44}},"2":{"start":{"line":4,"column":0},"end":{"line":4,"column":58}},"3":{"start":{"line":6,"column":35},"end":{"line":31,"column":2}},"4":{"start":{"line":6,"column":88},"end":{"line":31,"column":2}},"5":{"start":{"line":7,"column":4},"end":{"line":30,"column":null}},"6":{"start":{"line":8,"column":26},"end":{"line":8,"column":65}},"7":{"start":{"line":9,"column":8},"end":{"line":9,"column":72}},"8":{"start":{"line":9,"column":23},"end":{"line":9,"column":72}},"9":{"start":{"line":10,"column":27},"end":{"line":14,"column":10}},"10":{"start":{"line":15,"column":8},"end":{"line":15,"column":32}},"11":{"start":{"line":16,"column":8},"end":{"line":16,"column":48}},"12":{"start":{"line":17,"column":8},"end":{"line":17,"column":31}},"13":{"start":{"line":18,"column":28},"end":{"line":26,"column":10}},"14":{"start":{"line":27,"column":8},"end":{"line":27,"column":106}},"15":{"start":{"line":29,"column":8},"end":{"line":29,"column":25}},"16":{"start":{"line":6,"column":13},"end":{"line":6,"column":35}},"17":{"start":{"line":33,"column":33},"end":{"line":58,"column":2}},"18":{"start":{"line":33,"column":86},"end":{"line":58,"column":2}},"19":{"start":{"line":34,"column":4},"end":{"line":57,"column":null}},"20":{"start":{"line":35,"column":24},"end":{"line":35,"column":69}},"21":{"start":{"line":36,"column":8},"end":{"line":36,"column":73}},"22":{"start":{"line":36,"column":21},"end":{"line":36,"column":73}},"23":{"start":{"line":37,"column":22},"end":{"line":37,"column":57}},"24":{"start":{"line":38,"column":23},"end":{"line":38,"column":61}},"25":{"start":{"line":39,"column":8},"end":{"line":46,"column":12}},"26":{"start":{"line":40,"column":24},"end":{"line":40,"column":58}},"27":{"start":{"line":41,"column":12},"end":{"line":43,"column":null}},"28":{"start":{"line":42,"column":16},"end":{"line":42,"column":48}},"29":{"start":{"line":45,"column":12},"end":{"line":45,"column":44}},"30":{"start":{"line":46,"column":9},"end":{"line":51,"column":null}},"31":{"start":{"line":47,"column":24},"end":{"line":47,"column":61}},"32":{"start":{"line":48,"column":12},"end":{"line":50,"column":null}},"33":{"start":{"line":49,"column":16},"end":{"line":49,"column":50}},"34":{"start":{"line":52,"column":8},"end":{"line":52,"column":29}},"35":{"start":{"line":53,"column":28},"end":{"line":53,"column":110}},"36":{"start":{"line":54,"column":8},"end":{"line":54,"column":110}},"37":{"start":{"line":56,"column":8},"end":{"line":56,"column":25}},"38":{"start":{"line":33,"column":13},"end":{"line":33,"column":33}},"39":{"start":{"line":60,"column":36},"end":{"line":87,"column":2}},"40":{"start":{"line":60,"column":89},"end":{"line":87,"column":2}},"41":{"start":{"line":61,"column":4},"end":{"line":86,"column":null}},"42":{"start":{"line":62,"column":24},"end":{"line":62,"column":69}},"43":{"start":{"line":63,"column":8},"end":{"line":63,"column":75}},"44":{"start":{"line":63,"column":21},"end":{"line":63,"column":75}},"45":{"start":{"line":65,"column":22},"end":{"line":65,"column":60}},"46":{"start":{"line":66,"column":23},"end":{"line":66,"column":58}},"47":{"start":{"line":68,"column":8},"end":{"line":75,"column":12}},"48":{"start":{"line":69,"column":24},"end":{"line":69,"column":62}},"49":{"start":{"line":70,"column":12},"end":{"line":72,"column":null}},"50":{"start":{"line":71,"column":16},"end":{"line":71,"column":51}},"51":{"start":{"line":74,"column":12},"end":{"line":74,"column":48}},"52":{"start":{"line":75,"column":9},"end":{"line":80,"column":null}},"53":{"start":{"line":76,"column":24},"end":{"line":76,"column":59}},"54":{"start":{"line":77,"column":12},"end":{"line":79,"column":null}},"55":{"start":{"line":78,"column":16},"end":{"line":78,"column":48}},"56":{"start":{"line":81,"column":8},"end":{"line":81,"column":29}},"57":{"start":{"line":82,"column":28},"end":{"line":82,"column":110}},"58":{"start":{"line":83,"column":8},"end":{"line":83,"column":109}},"59":{"start":{"line":85,"column":8},"end":{"line":85,"column":null}},"60":{"start":{"line":60,"column":13},"end":{"line":60,"column":36}}},"fnMap":{"0":{"name":"(anonymous_7)","decl":{"start":{"line":6,"column":35},"end":{"line":6,"column":41}},"loc":{"start":{"line":6,"column":88},"end":{"line":31,"column":2}}},"1":{"name":"(anonymous_8)","decl":{"start":{"line":6,"column":88},"end":{"line":6,"column":null}},"loc":{"start":{"line":6,"column":88},"end":{"line":31,"column":1}}},"2":{"name":"(anonymous_9)","decl":{"start":{"line":33,"column":33},"end":{"line":33,"column":39}},"loc":{"start":{"line":33,"column":86},"end":{"line":58,"column":2}}},"3":{"name":"(anonymous_10)","decl":{"start":{"line":33,"column":86},"end":{"line":33,"column":null}},"loc":{"start":{"line":33,"column":86},"end":{"line":58,"column":1}}},"4":{"name":"(anonymous_11)","decl":{"start":{"line":60,"column":36},"end":{"line":60,"column":42}},"loc":{"start":{"line":60,"column":89},"end":{"line":87,"column":2}}},"5":{"name":"(anonymous_12)","decl":{"start":{"line":60,"column":89},"end":{"line":60,"column":null}},"loc":{"start":{"line":60,"column":89},"end":{"line":87,"column":1}}}},"branchMap":{"0":{"loc":{"start":{"line":9,"column":8},"end":{"line":9,"column":72}},"type":"if","locations":[{"start":{"line":9,"column":8},"end":{"line":9,"column":72}}]},"1":{"loc":{"start":{"line":36,"column":8},"end":{"line":36,"column":73}},"type":"if","locations":[{"start":{"line":36,"column":8},"end":{"line":36,"column":73}}]},"2":{"loc":{"start":{"line":39,"column":8},"end":{"line":46,"column":12}},"type":"if","locations":[{"start":{"line":39,"column":8},"end":{"line":46,"column":12}},{"start":{"line":44,"column":13},"end":{"line":46,"column":12}}]},"3":{"loc":{"start":{"line":41,"column":12},"end":{"line":43,"column":null}},"type":"if","locations":[{"start":{"line":41,"column":12},"end":{"line":43,"column":null}}]},"4":{"loc":{"start":{"line":46,"column":9},"end":{"line":51,"column":null}},"type":"if","locations":[{"start":{"line":46,"column":9},"end":{"line":51,"column":null}}]},"5":{"loc":{"start":{"line":48,"column":12},"end":{"line":50,"column":null}},"type":"if","locations":[{"start":{"line":48,"column":12},"end":{"line":50,"column":null}}]},"6":{"loc":{"start":{"line":63,"column":8},"end":{"line":63,"column":75}},"type":"if","locations":[{"start":{"line":63,"column":8},"end":{"line":63,"column":75}}]},"7":{"loc":{"start":{"line":68,"column":8},"end":{"line":75,"column":12}},"type":"if","locations":[{"start":{"line":68,"column":8},"end":{"line":75,"column":12}},{"start":{"line":73,"column":13},"end":{"line":75,"column":12}}]},"8":{"loc":{"start":{"line":70,"column":12},"end":{"line":72,"column":null}},"type":"if","locations":[{"start":{"line":70,"column":12},"end":{"line":72,"column":null}}]},"9":{"loc":{"start":{"line":75,"column":9},"end":{"line":80,"column":null}},"type":"if","locations":[{"start":{"line":75,"column":9},"end":{"line":80,"column":null}}]},"10":{"loc":{"start":{"line":77,"column":12},"end":{"line":79,"column":null}},"type":"if","locations":[{"start":{"line":77,"column":12},"end":{"line":79,"column":null}}]}},"s":{"0":7,"1":7,"2":7,"3":7,"4":5,"5":5,"6":5,"7":5,"8":1,"9":4,"10":4,"11":4,"12":4,"13":4,"14":4,"15":0,"16":7,"17":7,"18":3,"19":3,"20":3,"21":3,"22":0,"23":3,"24":3,"25":3,"26":0,"27":0,"28":0,"29":3,"30":3,"31":1,"32":1,"33":1,"34":3,"35":3,"36":3,"37":0,"38":7,"39":7,"40":3,"41":3,"42":3,"43":3,"44":0,"45":3,"46":3,"47":3,"48":0,"49":0,"50":0,"51":3,"52":3,"53":2,"54":2,"55":2,"56":3,"57":3,"58":3,"59":0,"60":7},"f":{"0":5,"1":5,"2":3,"3":3,"4":3,"5":3},"b":{"0":[1],"1":[0],"2":[0,3],"3":[0],"4":[1],"5":[1],"6":[0],"7":[0,3],"8":[0],"9":[2],"10":[2]}}
,"C:\\Users\\kanuma\\Desktop\\andela\\projects\\html_css\\mybrand-api-ts\\src\\handlers\\messages.ts": {"path":"C:\\Users\\kanuma\\Desktop\\andela\\projects\\html_css\\mybrand-api-ts\\src\\handlers\\messages.ts","statementMap":{"0":{"start":{"line":2,"column":0},"end":{"line":2,"column":44}},"1":{"start":{"line":3,"column":0},"end":{"line":3,"column":59}},"2":{"start":{"line":4,"column":0},"end":{"line":4,"column":68}},"3":{"start":{"line":6,"column":35},"end":{"line":17,"column":2}},"4":{"start":{"line":6,"column":88},"end":{"line":17,"column":2}},"5":{"start":{"line":7,"column":4},"end":{"line":16,"column":null}},"6":{"start":{"line":8,"column":32},"end":{"line":8,"column":40}},"7":{"start":{"line":9,"column":27},"end":{"line":11,"column":10}},"8":{"start":{"line":12,"column":8},"end":{"line":12,"column":32}},"9":{"start":{"line":13,"column":8},"end":{"line":13,"column":106}},"10":{"start":{"line":15,"column":8},"end":{"line":15,"column":25}},"11":{"start":{"line":6,"column":13},"end":{"line":6,"column":35}},"12":{"start":{"line":19,"column":38},"end":{"line":27,"column":2}},"13":{"start":{"line":19,"column":91},"end":{"line":27,"column":2}},"14":{"start":{"line":20,"column":4},"end":{"line":26,"column":null}},"15":{"start":{"line":21,"column":28},"end":{"line":21,"column":65}},"16":{"start":{"line":22,"column":8},"end":{"line":22,"column":71}},"17":{"start":{"line":22,"column":25},"end":{"line":22,"column":71}},"18":{"start":{"line":23,"column":8},"end":{"line":23,"column":113}},"19":{"start":{"line":25,"column":8},"end":{"line":25,"column":25}},"20":{"start":{"line":19,"column":13},"end":{"line":19,"column":38}},"21":{"start":{"line":29,"column":40},"end":{"line":37,"column":null}},"22":{"start":{"line":29,"column":93},"end":{"line":37,"column":null}},"23":{"start":{"line":30,"column":4},"end":{"line":36,"column":null}},"24":{"start":{"line":31,"column":29},"end":{"line":31,"column":74}},"25":{"start":{"line":32,"column":8},"end":{"line":32,"column":72}},"26":{"start":{"line":32,"column":26},"end":{"line":32,"column":72}},"27":{"start":{"line":33,"column":8},"end":{"line":33,"column":113}},"28":{"start":{"line":35,"column":8},"end":{"line":35,"column":25}},"29":{"start":{"line":29,"column":13},"end":{"line":29,"column":40}},"30":{"start":{"line":39,"column":35},"end":{"line":50,"column":null}},"31":{"start":{"line":39,"column":88},"end":{"line":50,"column":null}},"32":{"start":{"line":40,"column":4},"end":{"line":49,"column":null}},"33":{"start":{"line":41,"column":8},"end":{"line":41,"column":100}},"34":{"start":{"line":41,"column":33},"end":{"line":41,"column":100}},"35":{"start":{"line":42,"column":29},"end":{"line":42,"column":74}},"36":{"start":{"line":43,"column":8},"end":{"line":43,"column":72}},"37":{"start":{"line":43,"column":26},"end":{"line":43,"column":72}},"38":{"start":{"line":44,"column":8},"end":{"line":44,"column":37}},"39":{"start":{"line":45,"column":8},"end":{"line":45,"column":null}},"40":{"start":{"line":46,"column":8},"end":{"line":46,"column":null}},"41":{"start":{"line":48,"column":8},"end":{"line":48,"column":25}},"42":{"start":{"line":39,"column":13},"end":{"line":39,"column":35}}},"fnMap":{"0":{"name":"(anonymous_7)","decl":{"start":{"line":6,"column":35},"end":{"line":6,"column":41}},"loc":{"start":{"line":6,"column":88},"end":{"line":17,"column":2}}},"1":{"name":"(anonymous_8)","decl":{"start":{"line":6,"column":88},"end":{"line":6,"column":null}},"loc":{"start":{"line":6,"column":88},"end":{"line":17,"column":1}}},"2":{"name":"(anonymous_9)","decl":{"start":{"line":19,"column":38},"end":{"line":19,"column":44}},"loc":{"start":{"line":19,"column":91},"end":{"line":27,"column":2}}},"3":{"name":"(anonymous_10)","decl":{"start":{"line":19,"column":91},"end":{"line":19,"column":null}},"loc":{"start":{"line":19,"column":91},"end":{"line":27,"column":1}}},"4":{"name":"(anonymous_11)","decl":{"start":{"line":29,"column":40},"end":{"line":29,"column":46}},"loc":{"start":{"line":29,"column":93},"end":{"line":37,"column":null}}},"5":{"name":"(anonymous_12)","decl":{"start":{"line":29,"column":93},"end":{"line":29,"column":null}},"loc":{"start":{"line":29,"column":93},"end":{"line":37,"column":1}}},"6":{"name":"(anonymous_13)","decl":{"start":{"line":39,"column":35},"end":{"line":39,"column":41}},"loc":{"start":{"line":39,"column":88},"end":{"line":50,"column":null}}},"7":{"name":"(anonymous_14)","decl":{"start":{"line":39,"column":88},"end":{"line":39,"column":null}},"loc":{"start":{"line":39,"column":88},"end":{"line":50,"column":1}}}},"branchMap":{"0":{"loc":{"start":{"line":22,"column":8},"end":{"line":22,"column":71}},"type":"if","locations":[{"start":{"line":22,"column":8},"end":{"line":22,"column":71}}]},"1":{"loc":{"start":{"line":32,"column":8},"end":{"line":32,"column":72}},"type":"if","locations":[{"start":{"line":32,"column":8},"end":{"line":32,"column":72}}]},"2":{"loc":{"start":{"line":41,"column":8},"end":{"line":41,"column":100}},"type":"if","locations":[{"start":{"line":41,"column":8},"end":{"line":41,"column":100}}]},"3":{"loc":{"start":{"line":43,"column":8},"end":{"line":43,"column":72}},"type":"if","locations":[{"start":{"line":43,"column":8},"end":{"line":43,"column":72}}]}},"s":{"0":7,"1":7,"2":7,"3":7,"4":5,"5":5,"6":5,"7":5,"8":5,"9":5,"10":0,"11":7,"12":7,"13":2,"14":2,"15":2,"16":2,"17":0,"18":2,"19":0,"20":7,"21":7,"22":2,"23":2,"24":2,"25":2,"26":1,"27":2,"28":1,"29":7,"30":7,"31":2,"32":2,"33":2,"34":0,"35":2,"36":2,"37":1,"38":2,"39":1,"40":1,"41":1,"42":7},"f":{"0":5,"1":5,"2":2,"3":2,"4":2,"5":2,"6":2,"7":2},"b":{"0":[0],"1":[1],"2":[0],"3":[1]}}
,"C:\\Users\\kanuma\\Desktop\\andela\\projects\\html_css\\mybrand-api-ts\\src\\middleware\\error-handler.ts": {"path":"C:\\Users\\kanuma\\Desktop\\andela\\projects\\html_css\\mybrand-api-ts\\src\\middleware\\error-handler.ts","statementMap":{"0":{"start":{"line":2,"column":0},"end":{"line":2,"column":53}},"1":{"start":{"line":6,"column":2},"end":{"line":8,"column":null}},"2":{"start":{"line":7,"column":4},"end":{"line":7,"column":21}},"3":{"start":{"line":9,"column":2},"end":{"line":13,"column":null}},"4":{"start":{"line":10,"column":4},"end":{"line":10,"column":60}},"5":{"start":{"line":12,"column":4},"end":{"line":12,"column":61}},"6":{"start":{"line":4,"column":0},"end":{"line":4,"column":16}}},"fnMap":{"0":{"name":"errorHandler","decl":{"start":{"line":4,"column":16},"end":{"line":4,"column":28}},"loc":{"start":{"line":4,"column":88},"end":{"line":14,"column":1}}}},"branchMap":{"0":{"loc":{"start":{"line":6,"column":2},"end":{"line":8,"column":null}},"type":"if","locations":[{"start":{"line":6,"column":2},"end":{"line":8,"column":null}}]},"1":{"loc":{"start":{"line":9,"column":2},"end":{"line":13,"column":null}},"type":"if","locations":[{"start":{"line":9,"column":2},"end":{"line":13,"column":null}},{"start":{"line":11,"column":9},"end":{"line":13,"column":null}}]}},"s":{"0":7,"1":19,"2":0,"3":19,"4":18,"5":1,"6":7},"f":{"0":19},"b":{"0":[0],"1":[18,1]}}
,"C:\\Users\\kanuma\\Desktop\\andela\\projects\\html_css\\mybrand-api-ts\\src\\middleware\\index.ts": {"path":"C:\\Users\\kanuma\\Desktop\\andela\\projects\\html_css\\mybrand-api-ts\\src\\middleware\\index.ts","statementMap":{"0":{"start":{"line":1,"column":0},"end":{"line":1,"column":27}},"1":{"start":{"line":4,"column":0},"end":{"line":4,"column":61}},"2":{"start":{"line":5,"column":0},"end":{"line":5,"column":67}},"3":{"start":{"line":7,"column":12},"end":{"line":7,"column":35}},"4":{"start":{"line":8,"column":17},"end":{"line":8,"column":36}},"5":{"start":{"line":9,"column":0},"end":{"line":9,"column":43}},"6":{"start":{"line":11,"column":15},"end":{"line":11,"column":47}},"7":{"start":{"line":23,"column":4},"end":{"line":33,"column":null}},"8":{"start":{"line":24,"column":26},"end":{"line":24,"column":73}},"9":{"start":{"line":25,"column":8},"end":{"line":25,"column":81}},"10":{"start":{"line":25,"column":23},"end":{"line":25,"column":81}},"11":{"start":{"line":26,"column":21},"end":{"line":26,"column":50}},"12":{"start":{"line":27,"column":8},"end":{"line":27,"column":95}},"13":{"start":{"line":27,"column":33},"end":{"line":27,"column":95}},"14":{"start":{"line":28,"column":8},"end":{"line":28,"column":29}},"15":{"start":{"line":29,"column":8},"end":{"line":29,"column":29}},"16":{"start":{"line":30,"column":8},"end":{"line":30,"column":22}},"17":{"start":{"line":32,"column":8},"end":{"line":32,"column":null}},"18":{"start":{"line":22,"column":0},"end":{"line":22,"column":22}},"19":{"start":{"line":36,"column":4},"end":{"line":46,"column":null}},"20":{"start":{"line":37,"column":26},"end":{"line":37,"column":73}},"21":{"start":{"line":38,"column":8},"end":{"line":38,"column":81}},"22":{"start":{"line":38,"column":23},"end":{"line":38,"column":81}},"23":{"start":{"line":39,"column":21},"end":{"line":39,"column":50}},"24":{"start":{"line":40,"column":8},"end":{"line":40,"column":80}},"25":{"start":{"line":40,"column":18},"end":{"line":40,"column":80}},"26":{"start":{"line":41,"column":8},"end":{"line":41,"column":29}},"27":{"start":{"line":42,"column":8},"end":{"line":42,"column":29}},"28":{"start":{"line":43,"column":8},"end":{"line":43,"column":22}},"29":{"start":{"line":45,"column":8},"end":{"line":45,"column":null}},"30":{"start":{"line":35,"column":0},"end":{"line":35,"column":22}}},"fnMap":{"0":{"name":"checkIsUserAdmin","decl":{"start":{"line":22,"column":22},"end":{"line":22,"column":38}},"loc":{"start":{"line":22,"column":83},"end":{"line":34,"column":2}}},"1":{"name":"authorizeUser","decl":{"start":{"line":35,"column":22},"end":{"line":35,"column":35}},"loc":{"start":{"line":35,"column":80},"end":{"line":47,"column":2}}}},"branchMap":{"0":{"loc":{"start":{"line":24,"column":26},"end":{"line":24,"column":73}},"type":"cond-expr","locations":[{"start":{"line":24,"column":51},"end":{"line":24,"column":53}},{"start":{"line":24,"column":51},"end":{"line":24,"column":73}}]},"1":{"loc":{"start":{"line":24,"column":26},"end":{"line":24,"column":53}},"type":"binary-expr","locations":[{"start":{"line":24,"column":26},"end":{"line":24,"column":53}},{"start":{"line":24,"column":51},"end":{"line":24,"column":53}}]},"2":{"loc":{"start":{"line":25,"column":8},"end":{"line":25,"column":81}},"type":"if","locations":[{"start":{"line":25,"column":8},"end":{"line":25,"column":81}}]},"3":{"loc":{"start":{"line":27,"column":8},"end":{"line":27,"column":95}},"type":"if","locations":[{"start":{"line":27,"column":8},"end":{"line":27,"column":95}}]},"4":{"loc":{"start":{"line":37,"column":26},"end":{"line":37,"column":73}},"type":"cond-expr","locations":[{"start":{"line":37,"column":51},"end":{"line":37,"column":53}},{"start":{"line":37,"column":51},"end":{"line":37,"column":73}}]},"5":{"loc":{"start":{"line":37,"column":26},"end":{"line":37,"column":53}},"type":"binary-expr","locations":[{"start":{"line":37,"column":26},"end":{"line":37,"column":53}},{"start":{"line":37,"column":51},"end":{"line":37,"column":53}}]},"6":{"loc":{"start":{"line":38,"column":8},"end":{"line":38,"column":81}},"type":"if","locations":[{"start":{"line":38,"column":8},"end":{"line":38,"column":81}}]},"7":{"loc":{"start":{"line":40,"column":8},"end":{"line":40,"column":80}},"type":"if","locations":[{"start":{"line":40,"column":8},"end":{"line":40,"column":80}}]}},"s":{"0":7,"1":7,"2":7,"3":7,"4":7,"5":7,"6":7,"7":28,"8":28,"9":28,"10":0,"11":28,"12":28,"13":0,"14":28,"15":28,"16":28,"17":0,"18":7,"19":12,"20":12,"21":12,"22":0,"23":12,"24":12,"25":0,"26":12,"27":12,"28":12,"29":0,"30":7},"f":{"0":28,"1":12},"b":{"0":[0,28],"1":[28,28],"2":[0],"3":[0],"4":[0,12],"5":[12,12],"6":[0],"7":[0]}}
,"C:\\Users\\kanuma\\Desktop\\andela\\projects\\html_css\\mybrand-api-ts\\src\\middleware\\validate-request.ts": {"path":"C:\\Users\\kanuma\\Desktop\\andela\\projects\\html_css\\mybrand-api-ts\\src\\middleware\\validate-request.ts","statementMap":{"0":{"start":{"line":2,"column":0},"end":{"line":2,"column":76}},"1":{"start":{"line":3,"column":12},"end":{"line":3,"column":26}},"2":{"start":{"line":6,"column":21},"end":{"line":11,"column":2}},"3":{"start":{"line":14,"column":19},"end":{"line":17,"column":2}},"4":{"start":{"line":20,"column":22},"end":{"line":23,"column":2}},"5":{"start":{"line":26,"column":22},"end":{"line":28,"column":2}},"6":{"start":{"line":31,"column":21},"end":{"line":34,"column":2}},"7":{"start":{"line":37,"column":30},"end":{"line":41,"column":2}},"8":{"start":{"line":37,"column":83},"end":{"line":41,"column":2}},"9":{"start":{"line":38,"column":29},"end":{"line":38,"column":60}},"10":{"start":{"line":39,"column":4},"end":{"line":39,"column":63}},"11":{"start":{"line":39,"column":16},"end":{"line":39,"column":63}},"12":{"start":{"line":40,"column":4},"end":{"line":40,"column":11}},"13":{"start":{"line":37,"column":13},"end":{"line":37,"column":30}},"14":{"start":{"line":44,"column":30},"end":{"line":48,"column":2}},"15":{"start":{"line":44,"column":83},"end":{"line":48,"column":2}},"16":{"start":{"line":45,"column":29},"end":{"line":45,"column":60}},"17":{"start":{"line":46,"column":4},"end":{"line":46,"column":92}},"18":{"start":{"line":46,"column":16},"end":{"line":46,"column":92}},"19":{"start":{"line":47,"column":4},"end":{"line":47,"column":11}},"20":{"start":{"line":44,"column":13},"end":{"line":44,"column":30}},"21":{"start":{"line":51,"column":28},"end":{"line":55,"column":2}},"22":{"start":{"line":51,"column":81},"end":{"line":55,"column":2}},"23":{"start":{"line":52,"column":29},"end":{"line":52,"column":58}},"24":{"start":{"line":53,"column":4},"end":{"line":53,"column":63}},"25":{"start":{"line":53,"column":16},"end":{"line":53,"column":63}},"26":{"start":{"line":54,"column":4},"end":{"line":54,"column":11}},"27":{"start":{"line":51,"column":13},"end":{"line":51,"column":28}},"28":{"start":{"line":58,"column":31},"end":{"line":62,"column":2}},"29":{"start":{"line":58,"column":84},"end":{"line":62,"column":2}},"30":{"start":{"line":59,"column":29},"end":{"line":59,"column":61}},"31":{"start":{"line":60,"column":4},"end":{"line":60,"column":63}},"32":{"start":{"line":60,"column":16},"end":{"line":60,"column":63}},"33":{"start":{"line":61,"column":4},"end":{"line":61,"column":11}},"34":{"start":{"line":58,"column":13},"end":{"line":58,"column":31}},"35":{"start":{"line":65,"column":31},"end":{"line":69,"column":2}},"36":{"start":{"line":65,"column":84},"end":{"line":69,"column":2}},"37":{"start":{"line":66,"column":29},"end":{"line":66,"column":61}},"38":{"start":{"line":67,"column":4},"end":{"line":67,"column":91}},"39":{"start":{"line":67,"column":16},"end":{"line":67,"column":91}},"40":{"start":{"line":68,"column":4},"end":{"line":68,"column":11}},"41":{"start":{"line":65,"column":13},"end":{"line":65,"column":31}}},"fnMap":{"0":{"name":"(anonymous_7)","decl":{"start":{"line":37,"column":30},"end":{"line":37,"column":36}},"loc":{"start":{"line":37,"column":83},"end":{"line":41,"column":2}}},"1":{"name":"(anonymous_8)","decl":{"start":{"line":37,"column":83},"end":{"line":37,"column":null}},"loc":{"start":{"line":37,"column":83},"end":{"line":41,"column":1}}},"2":{"name":"(anonymous_9)","decl":{"start":{"line":44,"column":30},"end":{"line":44,"column":36}},"loc":{"start":{"line":44,"column":83},"end":{"line":48,"column":2}}},"3":{"name":"(anonymous_10)","decl":{"start":{"line":44,"column":83},"end":{"line":44,"column":null}},"loc":{"start":{"line":44,"column":83},"end":{"line":48,"column":1}}},"4":{"name":"(anonymous_11)","decl":{"start":{"line":51,"column":28},"end":{"line":51,"column":34}},"loc":{"start":{"line":51,"column":81},"end":{"line":55,"column":2}}},"5":{"name":"(anonymous_12)","decl":{"start":{"line":51,"column":81},"end":{"line":51,"column":null}},"loc":{"start":{"line":51,"column":81},"end":{"line":55,"column":1}}},"6":{"name":"(anonymous_13)","decl":{"start":{"line":58,"column":31},"end":{"line":58,"column":37}},"loc":{"start":{"line":58,"column":84},"end":{"line":62,"column":2}}},"7":{"name":"(anonymous_14)","decl":{"start":{"line":58,"column":84},"end":{"line":58,"column":null}},"loc":{"start":{"line":58,"column":84},"end":{"line":62,"column":1}}},"8":{"name":"(anonymous_15)","decl":{"start":{"line":65,"column":31},"end":{"line":65,"column":37}},"loc":{"start":{"line":65,"column":84},"end":{"line":69,"column":2}}},"9":{"name":"(anonymous_16)","decl":{"start":{"line":65,"column":84},"end":{"line":65,"column":null}},"loc":{"start":{"line":65,"column":84},"end":{"line":69,"column":1}}}},"branchMap":{"0":{"loc":{"start":{"line":39,"column":4},"end":{"line":39,"column":63}},"type":"if","locations":[{"start":{"line":39,"column":4},"end":{"line":39,"column":63}}]},"1":{"loc":{"start":{"line":46,"column":4},"end":{"line":46,"column":92}},"type":"if","locations":[{"start":{"line":46,"column":4},"end":{"line":46,"column":92}}]},"2":{"loc":{"start":{"line":53,"column":4},"end":{"line":53,"column":63}},"type":"if","locations":[{"start":{"line":53,"column":4},"end":{"line":53,"column":63}}]},"3":{"loc":{"start":{"line":60,"column":4},"end":{"line":60,"column":63}},"type":"if","locations":[{"start":{"line":60,"column":4},"end":{"line":60,"column":63}}]},"4":{"loc":{"start":{"line":67,"column":4},"end":{"line":67,"column":91}},"type":"if","locations":[{"start":{"line":67,"column":4},"end":{"line":67,"column":91}}]}},"s":{"0":7,"1":7,"2":7,"3":7,"4":7,"5":7,"6":7,"7":7,"8":36,"9":36,"10":36,"11":4,"12":32,"13":7,"14":7,"15":5,"16":5,"17":5,"18":1,"19":4,"20":7,"21":7,"22":18,"23":18,"24":18,"25":2,"26":16,"27":7,"28":7,"29":6,"30":6,"31":6,"32":1,"33":5,"34":7,"35":7,"36":6,"37":6,"38":6,"39":1,"40":5,"41":7},"f":{"0":36,"1":36,"2":5,"3":5,"4":18,"5":18,"6":6,"7":6,"8":6,"9":6},"b":{"0":[4],"1":[1],"2":[2],"3":[1],"4":[1]}}
,"C:\\Users\\kanuma\\Desktop\\andela\\projects\\html_css\\mybrand-api-ts\\src\\models\\blog.ts": {"path":"C:\\Users\\kanuma\\Desktop\\andela\\projects\\html_css\\mybrand-api-ts\\src\\models\\blog.ts","statementMap":{"0":{"start":{"line":1,"column":0},"end":{"line":1,"column":32}},"1":{"start":{"line":8,"column":19},"end":{"line":42,"column":22}},"2":{"start":{"line":44,"column":13},"end":{"line":46,"column":2}},"3":{"start":{"line":45,"column":4},"end":{"line":45,"column":27}},"4":{"start":{"line":47,"column":13},"end":{"line":47,"column":67}},"5":{"start":{"line":48,"column":9},"end":{"line":48,"column":13}}},"fnMap":{"0":{"name":"(anonymous_1)","decl":{"start":{"line":44,"column":60},"end":{"line":44,"column":61}},"loc":{"start":{"line":44,"column":80},"end":{"line":46,"column":1}}}},"branchMap":{},"s":{"0":8,"1":8,"2":8,"3":14,"4":8,"5":8},"f":{"0":14},"b":{}}
,"C:\\Users\\kanuma\\Desktop\\andela\\projects\\html_css\\mybrand-api-ts\\src\\models\\comment.ts": {"path":"C:\\Users\\kanuma\\Desktop\\andela\\projects\\html_css\\mybrand-api-ts\\src\\models\\comment.ts","statementMap":{"0":{"start":{"line":1,"column":0},"end":{"line":1,"column":32}},"1":{"start":{"line":8,"column":22},"end":{"line":29,"column":22}},"2":{"start":{"line":31,"column":13},"end":{"line":33,"column":2}},"3":{"start":{"line":32,"column":4},"end":{"line":32,"column":30}},"4":{"start":{"line":34,"column":15},"end":{"line":34,"column":81}},"5":{"start":{"line":35,"column":9},"end":{"line":35,"column":16}}},"fnMap":{"0":{"name":"(anonymous_1)","decl":{"start":{"line":31,"column":66},"end":{"line":31,"column":67}},"loc":{"start":{"line":31,"column":89},"end":{"line":33,"column":1}}}},"branchMap":{},"s":{"0":8,"1":8,"2":8,"3":5,"4":8,"5":8},"f":{"0":5},"b":{}}
,"C:\\Users\\kanuma\\Desktop\\andela\\projects\\html_css\\mybrand-api-ts\\src\\models\\message.ts": {"path":"C:\\Users\\kanuma\\Desktop\\andela\\projects\\html_css\\mybrand-api-ts\\src\\models\\message.ts","statementMap":{"0":{"start":{"line":1,"column":0},"end":{"line":1,"column":32}},"1":{"start":{"line":8,"column":22},"end":{"line":21,"column":21}},"2":{"start":{"line":23,"column":13},"end":{"line":25,"column":2}},"3":{"start":{"line":24,"column":4},"end":{"line":24,"column":30}},"4":{"start":{"line":26,"column":16},"end":{"line":26,"column":82}},"5":{"start":{"line":27,"column":9},"end":{"line":27,"column":16}}},"fnMap":{"0":{"name":"(anonymous_1)","decl":{"start":{"line":23,"column":66},"end":{"line":23,"column":67}},"loc":{"start":{"line":23,"column":89},"end":{"line":25,"column":1}}}},"branchMap":{},"s":{"0":8,"1":8,"2":8,"3":6,"4":8,"5":8},"f":{"0":6},"b":{}}
,"C:\\Users\\kanuma\\Desktop\\andela\\projects\\html_css\\mybrand-api-ts\\src\\models\\user.ts": {"path":"C:\\Users\\kanuma\\Desktop\\andela\\projects\\html_css\\mybrand-api-ts\\src\\models\\user.ts","statementMap":{"0":{"start":{"line":1,"column":0},"end":{"line":1,"column":32}},"1":{"start":{"line":2,"column":0},"end":{"line":2,"column":56}},"2":{"start":{"line":4,"column":0},"end":{"line":4,"column":28}},"3":{"start":{"line":10,"column":19},"end":{"line":50,"column":22}},"4":{"start":{"line":53,"column":0},"end":{"line":53,"column":null}},"5":{"start":{"line":56,"column":4},"end":{"line":64,"column":null}},"6":{"start":{"line":57,"column":8},"end":{"line":59,"column":null}},"7":{"start":{"line":58,"column":12},"end":{"line":58,"column":26}},"8":{"start":{"line":60,"column":29},"end":{"line":60,"column":65}},"9":{"start":{"line":61,"column":8},"end":{"line":61,"column":39}},"10":{"start":{"line":63,"column":8},"end":{"line":63,"column":25}},"11":{"start":{"line":55,"column":0},"end":{"line":55,"column":22}},"12":{"start":{"line":69,"column":13},"end":{"line":76,"column":2}},"13":{"start":{"line":70,"column":4},"end":{"line":75,"column":null}},"14":{"start":{"line":71,"column":20},"end":{"line":71,"column":74}},"15":{"start":{"line":72,"column":6},"end":{"line":72,"column":21}},"16":{"start":{"line":74,"column":6},"end":{"line":74,"column":23}},"17":{"start":{"line":78,"column":0},"end":{"line":78,"column":94}},"18":{"start":{"line":79,"column":13},"end":{"line":81,"column":2}},"19":{"start":{"line":80,"column":4},"end":{"line":80,"column":27}},"20":{"start":{"line":83,"column":13},"end":{"line":83,"column":67}},"21":{"start":{"line":84,"column":9},"end":{"line":84,"column":13}}},"fnMap":{"0":{"name":"userPreSaveFunction","decl":{"start":{"line":55,"column":22},"end":{"line":55,"column":41}},"loc":{"start":{"line":55,"column":58},"end":{"line":65,"column":null}}},"1":{"name":"(anonymous_10)","decl":{"start":{"line":69,"column":68},"end":{"line":69,"column":83}},"loc":{"start":{"line":69,"column":106},"end":{"line":76,"column":2}}},"2":{"name":"(anonymous_12)","decl":{"start":{"line":79,"column":60},"end":{"line":79,"column":61}},"loc":{"start":{"line":79,"column":80},"end":{"line":81,"column":1}}}},"branchMap":{"0":{"loc":{"start":{"line":57,"column":8},"end":{"line":59,"column":null}},"type":"if","locations":[{"start":{"line":57,"column":8},"end":{"line":59,"column":null}}]}},"s":{"0":8,"1":8,"2":8,"3":8,"4":8,"5":45,"6":45,"7":13,"8":31,"9":31,"10":1,"11":8,"12":8,"13":4,"14":4,"15":3,"16":1,"17":8,"18":8,"19":33,"20":8,"21":8},"f":{"0":45,"1":4,"2":33},"b":{"0":[13]}}
,"C:\\Users\\kanuma\\Desktop\\andela\\projects\\html_css\\mybrand-api-ts\\src\\routes\\admin\\blogs.ts": {"path":"C:\\Users\\kanuma\\Desktop\\andela\\projects\\html_css\\mybrand-api-ts\\src\\routes\\admin\\blogs.ts","statementMap":{"0":{"start":{"line":1,"column":16},"end":{"line":1,"column":34}},"1":{"start":{"line":2,"column":15},"end":{"line":2,"column":50}},"2":{"start":{"line":25,"column":19},"end":{"line":25,"column":34}},"3":{"start":{"line":3,"column":0},"end":{"line":3,"column":108}},"4":{"start":{"line":4,"column":0},"end":{"line":4,"column":65}},"5":{"start":{"line":5,"column":0},"end":{"line":5,"column":29}},"6":{"start":{"line":6,"column":16},"end":{"line":6,"column":38}},"7":{"start":{"line":7,"column":15},"end":{"line":9,"column":2}},"8":{"start":{"line":10,"column":0},"end":{"line":15,"column":2}},"9":{"start":{"line":16,"column":0},"end":{"line":21,"column":2}},"10":{"start":{"line":22,"column":0},"end":{"line":22,"column":51}},"11":{"start":{"line":23,"column":0},"end":{"line":23,"column":51}}},"fnMap":{},"branchMap":{},"s":{"0":7,"1":7,"2":7,"3":7,"4":7,"5":7,"6":7,"7":7,"8":7,"9":7,"10":7,"11":7},"f":{},"b":{}}
,"C:\\Users\\kanuma\\Desktop\\andela\\projects\\html_css\\mybrand-api-ts\\src\\routes\\admin\\comments.ts": {"path":"C:\\Users\\kanuma\\Desktop\\andela\\projects\\html_css\\mybrand-api-ts\\src\\routes\\admin\\comments.ts","statementMap":{"0":{"start":{"line":1,"column":0},"end":{"line":1,"column":30}},"1":{"start":{"line":2,"column":16},"end":{"line":2,"column":51}},"2":{"start":{"line":10,"column":19},"end":{"line":10,"column":32}},"3":{"start":{"line":3,"column":0},"end":{"line":3,"column":103}},"4":{"start":{"line":4,"column":0},"end":{"line":4,"column":68}},"5":{"start":{"line":6,"column":0},"end":{"line":6,"column":61}},"6":{"start":{"line":7,"column":0},"end":{"line":7,"column":57}},"7":{"start":{"line":8,"column":0},"end":{"line":8,"column":63}}},"fnMap":{},"branchMap":{},"s":{"0":7,"1":7,"2":7,"3":7,"4":7,"5":7,"6":7,"7":7},"f":{},"b":{}}
,"C:\\Users\\kanuma\\Desktop\\andela\\projects\\html_css\\mybrand-api-ts\\src\\routes\\admin\\messages.ts": {"path":"C:\\Users\\kanuma\\Desktop\\andela\\projects\\html_css\\mybrand-api-ts\\src\\routes\\admin\\messages.ts","statementMap":{"0":{"start":{"line":1,"column":0},"end":{"line":1,"column":30}},"1":{"start":{"line":2,"column":16},"end":{"line":2,"column":51}},"2":{"start":{"line":9,"column":19},"end":{"line":9,"column":37}},"3":{"start":{"line":3,"column":0},"end":{"line":3,"column":112}},"4":{"start":{"line":5,"column":0},"end":{"line":5,"column":46}},"5":{"start":{"line":6,"column":0},"end":{"line":6,"column":60}},"6":{"start":{"line":7,"column":0},"end":{"line":7,"column":58}}},"fnMap":{},"branchMap":{},"s":{"0":7,"1":7,"2":7,"3":7,"4":7,"5":7,"6":7},"f":{},"b":{}}
,"C:\\Users\\kanuma\\Desktop\\andela\\projects\\html_css\\mybrand-api-ts\\src\\routes\\public\\auth.ts": {"path":"C:\\Users\\kanuma\\Desktop\\andela\\projects\\html_css\\mybrand-api-ts\\src\\routes\\public\\auth.ts","statementMap":{"0":{"start":{"line":1,"column":0},"end":{"line":1,"column":28}},"1":{"start":{"line":2,"column":0},"end":{"line":2,"column":16}},"2":{"start":{"line":3,"column":0},"end":{"line":3,"column":67}},"3":{"start":{"line":4,"column":16},"end":{"line":4,"column":51}},"4":{"start":{"line":72,"column":19},"end":{"line":72,"column":29}},"5":{"start":{"line":5,"column":0},"end":{"line":5,"column":41}},"6":{"start":{"line":6,"column":0},"end":{"line":6,"column":31}},"7":{"start":{"line":8,"column":0},"end":{"line":8,"column":83}},"8":{"start":{"line":9,"column":0},"end":{"line":9,"column":65}},"9":{"start":{"line":11,"column":15},"end":{"line":11,"column":47}},"10":{"start":{"line":13,"column":0},"end":{"line":42,"column":3}},"11":{"start":{"line":14,"column":54},"end":{"line":42,"column":2}},"12":{"start":{"line":15,"column":4},"end":{"line":41,"column":null}},"13":{"start":{"line":16,"column":24},"end":{"line":21,"column":10}},"14":{"start":{"line":22,"column":8},"end":{"line":22,"column":29}},"15":{"start":{"line":23,"column":36},"end":{"line":23,"column":88}},"16":{"start":{"line":24,"column":57},"end":{"line":24,"column":68}},"17":{"start":{"line":25,"column":8},"end":{"line":38,"column":null}},"18":{"start":{"line":26,"column":24},"end":{"line":35,"column":null}},"19":{"start":{"line":37,"column":12},"end":{"line":37,"column":104}},"20":{"start":{"line":40,"column":8},"end":{"line":40,"column":25}},"21":{"start":{"line":43,"column":0},"end":{"line":69,"column":3}},"22":{"start":{"line":44,"column":53},"end":{"line":69,"column":2}},"23":{"start":{"line":45,"column":4},"end":{"line":68,"column":null}},"24":{"start":{"line":46,"column":26},"end":{"line":48,"column":10}},"25":{"start":{"line":49,"column":8},"end":{"line":49,"column":95}},"26":{"start":{"line":49,"column":30},"end":{"line":49,"column":95}},"27":{"start":{"line":50,"column":21},"end":{"line":50,"column":33}},"28":{"start":{"line":51,"column":57},"end":{"line":51,"column":61}},"29":{"start":{"line":52,"column":22},"end":{"line":52,"column":67}},"30":{"start":{"line":53,"column":8},"end":{"line":53,"column":93}},"31":{"start":{"line":53,"column":21},"end":{"line":53,"column":93}},"32":{"start":{"line":54,"column":20},"end":{"line":63,"column":null}},"33":{"start":{"line":65,"column":8},"end":{"line":65,"column":80}},"34":{"start":{"line":67,"column":8},"end":{"line":67,"column":null}}},"fnMap":{"0":{"name":"(anonymous_8)","decl":{"start":{"line":14,"column":1},"end":{"line":14,"column":7}},"loc":{"start":{"line":14,"column":54},"end":{"line":42,"column":2}}},"1":{"name":"(anonymous_9)","decl":{"start":{"line":14,"column":54},"end":{"line":14,"column":null}},"loc":{"start":{"line":14,"column":54},"end":{"line":42,"column":1}}},"2":{"name":"(anonymous_10)","decl":{"start":{"line":44,"column":0},"end":{"line":44,"column":6}},"loc":{"start":{"line":44,"column":53},"end":{"line":69,"column":2}}},"3":{"name":"(anonymous_11)","decl":{"start":{"line":44,"column":53},"end":{"line":44,"column":null}},"loc":{"start":{"line":44,"column":53},"end":{"line":69,"column":1}}}},"branchMap":{"0":{"loc":{"start":{"line":25,"column":8},"end":{"line":38,"column":null}},"type":"if","locations":[{"start":{"line":25,"column":8},"end":{"line":38,"column":null}}]},"1":{"loc":{"start":{"line":49,"column":8},"end":{"line":49,"column":95}},"type":"if","locations":[{"start":{"line":49,"column":8},"end":{"line":49,"column":95}}]},"2":{"loc":{"start":{"line":53,"column":8},"end":{"line":53,"column":93}},"type":"if","locations":[{"start":{"line":53,"column":8},"end":{"line":53,"column":93}}]}},"s":{"0":7,"1":7,"2":7,"3":7,"4":7,"5":7,"6":7,"7":7,"8":7,"9":7,"10":7,"11":32,"12":32,"13":32,"14":32,"15":31,"16":31,"17":31,"18":31,"19":31,"20":1,"21":7,"22":4,"23":4,"24":4,"25":4,"26":1,"27":4,"28":4,"29":3,"30":3,"31":1,"32":2,"33":2,"34":1},"f":{"0":32,"1":32,"2":4,"3":4},"b":{"0":[31],"1":[1],"2":[1]}}
,"C:\\Users\\kanuma\\Desktop\\andela\\projects\\html_css\\mybrand-api-ts\\src\\routes\\public\\blogs.ts": {"path":"C:\\Users\\kanuma\\Desktop\\andela\\projects\\html_css\\mybrand-api-ts\\src\\routes\\public\\blogs.ts","statementMap":{"0":{"start":{"line":1,"column":0},"end":{"line":1,"column":30}},"1":{"start":{"line":2,"column":16},"end":{"line":2,"column":51}},"2":{"start":{"line":8,"column":19},"end":{"line":8,"column":35}},"3":{"start":{"line":3,"column":0},"end":{"line":3,"column":82}},"4":{"start":{"line":5,"column":0},"end":{"line":5,"column":43}},"5":{"start":{"line":6,"column":0},"end":{"line":6,"column":53}}},"fnMap":{},"branchMap":{},"s":{"0":7,"1":7,"2":7,"3":7,"4":7,"5":7},"f":{},"b":{}}
,"C:\\Users\\kanuma\\Desktop\\andela\\projects\\html_css\\mybrand-api-ts\\src\\routes\\public\\messages.ts": {"path":"C:\\Users\\kanuma\\Desktop\\andela\\projects\\html_css\\mybrand-api-ts\\src\\routes\\public\\messages.ts","statementMap":{"0":{"start":{"line":1,"column":0},"end":{"line":1,"column":30}},"1":{"start":{"line":2,"column":16},"end":{"line":2,"column":51}},"2":{"start":{"line":8,"column":19},"end":{"line":8,"column":38}},"3":{"start":{"line":3,"column":0},"end":{"line":3,"column":62}},"4":{"start":{"line":4,"column":0},"end":{"line":4,"column":68}},"5":{"start":{"line":6,"column":0},"end":{"line":6,"column":61}}},"fnMap":{},"branchMap":{},"s":{"0":7,"1":7,"2":7,"3":7,"4":7,"5":7},"f":{},"b":{}}
,"C:\\Users\\kanuma\\Desktop\\andela\\projects\\html_css\\mybrand-api-ts\\src\\services\\cloudinary.ts": {"path":"C:\\Users\\kanuma\\Desktop\\andela\\projects\\html_css\\mybrand-api-ts\\src\\services\\cloudinary.ts","statementMap":{"0":{"start":{"line":1,"column":0},"end":{"line":1,"column":44}},"1":{"start":{"line":3,"column":19},"end":{"line":3,"column":41}},"2":{"start":{"line":4,"column":16},"end":{"line":4,"column":41}},"3":{"start":{"line":5,"column":19},"end":{"line":5,"column":47}},"4":{"start":{"line":7,"column":0},"end":{"line":11,"column":3}},"5":{"start":{"line":12,"column":27},"end":{"line":12,"column":95}},"6":{"start":{"line":12,"column":49},"end":{"line":12,"column":95}},"7":{"start":{"line":12,"column":13},"end":{"line":12,"column":27}}},"fnMap":{"0":{"name":"(anonymous_0)","decl":{"start":{"line":12,"column":27},"end":{"line":12,"column":28}},"loc":{"start":{"line":12,"column":49},"end":{"line":12,"column":95}}}},"branchMap":{},"s":{"0":7,"1":7,"2":7,"3":7,"4":7,"5":7,"6":15,"7":7},"f":{"0":15},"b":{}}
,"C:\\Users\\kanuma\\Desktop\\andela\\projects\\html_css\\mybrand-api-ts\\src\\services\\data-uri.ts": {"path":"C:\\Users\\kanuma\\Desktop\\andela\\projects\\html_css\\mybrand-api-ts\\src\\services\\data-uri.ts","statementMap":{"0":{"start":{"line":1,"column":22},"end":{"line":1,"column":47}},"1":{"start":{"line":2,"column":15},"end":{"line":2,"column":34}},"2":{"start":{"line":4,"column":23},"end":{"line":4,"column":66}},"3":{"start":{"line":4,"column":32},"end":{"line":4,"column":66}},"4":{"start":{"line":4,"column":13},"end":{"line":4,"column":23}}},"fnMap":{"0":{"name":"(anonymous_0)","decl":{"start":{"line":4,"column":23},"end":{"line":4,"column":24}},"loc":{"start":{"line":4,"column":32},"end":{"line":4,"column":66}}}},"branchMap":{},"s":{"0":7,"1":7,"2":7,"3":15,"4":7},"f":{"0":15},"b":{}}
}
