{"C:\\Users\\kanuma\\Desktop\\andela\\projects\\html_css\\mybrand-api-ts\\src\\app.ts": {"path":"C:\\Users\\kanuma\\Desktop\\andela\\projects\\html_css\\mybrand-api-ts\\src\\app.ts","statementMap":{"0":{"start":{"line":1,"column":0},"end":{"line":1,"column":30}},"1":{"start":{"line":2,"column":0},"end":{"line":2,"column":30}},"2":{"start":{"line":4,"column":0},"end":{"line":4,"column":28}},"3":{"start":{"line":5,"column":0},"end":{"line":5,"column":16}},"4":{"start":{"line":7,"column":17},"end":{"line":7,"column":36}},"5":{"start":{"line":8,"column":0},"end":{"line":8,"column":40}},"6":{"start":{"line":10,"column":0},"end":{"line":10,"column":50}},"7":{"start":{"line":11,"column":0},"end":{"line":11,"column":57}},"8":{"start":{"line":12,"column":0},"end":{"line":12,"column":55}},"9":{"start":{"line":13,"column":0},"end":{"line":13,"column":63}},"10":{"start":{"line":14,"column":0},"end":{"line":14,"column":61}},"11":{"start":{"line":15,"column":0},"end":{"line":15,"column":56}},"12":{"start":{"line":17,"column":0},"end":{"line":17,"column":58}},"13":{"start":{"line":18,"column":0},"end":{"line":18,"column":57}},"14":{"start":{"line":19,"column":0},"end":{"line":19,"column":63}},"15":{"start":{"line":20,"column":0},"end":{"line":20,"column":43}},"16":{"start":{"line":21,"column":0},"end":{"line":21,"column":43}},"17":{"start":{"line":23,"column":12},"end":{"line":23,"column":21}},"18":{"start":{"line":44,"column":9},"end":{"line":44,"column":12}},"19":{"start":{"line":25,"column":0},"end":{"line":25,"column":70}},"20":{"start":{"line":26,"column":0},"end":{"line":26,"column":31}},"21":{"start":{"line":27,"column":0},"end":{"line":27,"column":24}},"22":{"start":{"line":28,"column":0},"end":{"line":30,"column":4}},"23":{"start":{"line":32,"column":0},"end":{"line":32,"column":33}},"24":{"start":{"line":33,"column":0},"end":{"line":33,"column":40}},"25":{"start":{"line":34,"column":0},"end":{"line":34,"column":46}},"26":{"start":{"line":35,"column":0},"end":{"line":35,"column":114}},"27":{"start":{"line":36,"column":0},"end":{"line":36,"column":107}},"28":{"start":{"line":37,"column":0},"end":{"line":37,"column":113}},"29":{"start":{"line":39,"column":0},"end":{"line":41,"column":3}},"30":{"start":{"line":40,"column":4},"end":{"line":40,"column":30}},"31":{"start":{"line":42,"column":0},"end":{"line":42,"column":22}}},"fnMap":{"0":{"name":"(anonymous_1)","decl":{"start":{"line":39,"column":13},"end":{"line":39,"column":15}},"loc":{"start":{"line":39,"column":17},"end":{"line":41,"column":1}}}},"branchMap":{},"s":{"0":6,"1":6,"2":6,"3":6,"4":6,"5":6,"6":6,"7":6,"8":6,"9":6,"10":6,"11":6,"12":6,"13":6,"14":6,"15":6,"16":6,"17":6,"18":6,"19":6,"20":6,"21":6,"22":6,"23":6,"24":6,"25":6,"26":6,"27":6,"28":6,"29":6,"30":0,"31":6},"f":{"0":0},"b":{}}
,"C:\\Users\\kanuma\\Desktop\\andela\\projects\\html_css\\mybrand-api-ts\\src\\index.ts": {"path":"C:\\Users\\kanuma\\Desktop\\andela\\projects\\html_css\\mybrand-api-ts\\src\\index.ts","statementMap":{"0":{"start":{"line":1,"column":0},"end":{"line":1,"column":32}},"1":{"start":{"line":2,"column":0},"end":{"line":2,"column":28}},"2":{"start":{"line":4,"column":0},"end":{"line":4,"column":28}},"3":{"start":{"line":5,"column":0},"end":{"line":5,"column":16}},"4":{"start":{"line":7,"column":13},"end":{"line":7,"column":37}},"5":{"start":{"line":9,"column":14},"end":{"line":24,"column":null}},"6":{"start":{"line":9,"column":24},"end":{"line":24,"column":null}},"7":{"start":{"line":10,"column":2},"end":{"line":10,"column":null}},"8":{"start":{"line":11,"column":4},"end":{"line":13,"column":null}},"9":{"start":{"line":12,"column":8},"end":{"line":12,"column":null}},"10":{"start":{"line":14,"column":4},"end":{"line":16,"column":null}},"11":{"start":{"line":15,"column":6},"end":{"line":15,"column":null}},"12":{"start":{"line":17,"column":4},"end":{"line":23,"column":null}},"13":{"start":{"line":18,"column":6},"end":{"line":18,"column":52}},"14":{"start":{"line":19,"column":6},"end":{"line":19,"column":null}},"15":{"start":{"line":22,"column":6},"end":{"line":22,"column":48}},"16":{"start":{"line":26,"column":0},"end":{"line":28,"column":3}},"17":{"start":{"line":27,"column":4},"end":{"line":27,"column":45}},"18":{"start":{"line":30,"column":0},"end":{"line":30,"column":8}}},"fnMap":{"0":{"name":"(anonymous_8)","decl":{"start":{"line":9,"column":14},"end":{"line":9,"column":22}},"loc":{"start":{"line":9,"column":24},"end":{"line":24,"column":null}}},"1":{"name":"(anonymous_9)","decl":{"start":{"line":9,"column":24},"end":{"line":9,"column":null}},"loc":{"start":{"line":9,"column":24},"end":{"line":24,"column":3}}},"2":{"name":"(anonymous_10)","decl":{"start":{"line":26,"column":17},"end":{"line":26,"column":20}},"loc":{"start":{"line":26,"column":22},"end":{"line":28,"column":1}}}},"branchMap":{"0":{"loc":{"start":{"line":7,"column":13},"end":{"line":7,"column":37}},"type":"binary-expr","locations":[{"start":{"line":7,"column":13},"end":{"line":7,"column":29}},{"start":{"line":7,"column":33},"end":{"line":7,"column":37}}]},"1":{"loc":{"start":{"line":11,"column":4},"end":{"line":13,"column":null}},"type":"if","locations":[{"start":{"line":11,"column":4},"end":{"line":13,"column":null}}]},"2":{"loc":{"start":{"line":14,"column":4},"end":{"line":16,"column":null}},"type":"if","locations":[{"start":{"line":14,"column":4},"end":{"line":16,"column":null}}]}},"s":{"0":0,"1":0,"2":0,"3":0,"4":0,"5":0,"6":0,"7":0,"8":0,"9":0,"10":0,"11":0,"12":0,"13":0,"14":0,"15":0,"16":0,"17":0,"18":0},"f":{"0":0,"1":0,"2":0},"b":{"0":[0,0],"1":[0],"2":[0]}}
,"C:\\Users\\kanuma\\Desktop\\andela\\projects\\html_css\\mybrand-api-ts\\src\\errors\\bad-request-error.ts": {"path":"C:\\Users\\kanuma\\Desktop\\andela\\projects\\html_css\\mybrand-api-ts\\src\\errors\\bad-request-error.ts","statementMap":{"0":{"start":{"line":1,"column":0},"end":{"line":1,"column":45}},"1":{"start":{"line":6,"column":8},"end":{"line":6,"column":16}},"2":{"start":{"line":5,"column":23},"end":{"line":5,"column":37}},"3":{"start":{"line":4,"column":4},"end":{"line":4,"column":21}},"4":{"start":{"line":8,"column":8},"end":{"line":8,"column":null}},"5":{"start":{"line":11,"column":8},"end":{"line":11,"column":39}},"6":{"start":{"line":3,"column":0},"end":{"line":3,"column":13}}},"fnMap":{"0":{"name":"(anonymous_0)","decl":{"start":{"line":5,"column":4},"end":{"line":5,"column":23}},"loc":{"start":{"line":5,"column":37},"end":{"line":9,"column":5}}},"1":{"name":"(anonymous_1)","decl":{"start":{"line":10,"column":4},"end":{"line":10,"column":13}},"loc":{"start":{"line":10,"column":13},"end":{"line":12,"column":5}}}},"branchMap":{},"s":{"0":6,"1":2,"2":2,"3":2,"4":2,"5":0,"6":6},"f":{"0":2,"1":0},"b":{}}
,"C:\\Users\\kanuma\\Desktop\\andela\\projects\\html_css\\mybrand-api-ts\\src\\errors\\custom-error.ts": {"path":"C:\\Users\\kanuma\\Desktop\\andela\\projects\\html_css\\mybrand-api-ts\\src\\errors\\custom-error.ts","statementMap":{"0":{"start":{"line":4,"column":8},"end":{"line":4,"column":16}},"1":{"start":{"line":6,"column":8},"end":{"line":6,"column":59}},"2":{"start":{"line":1,"column":0},"end":{"line":1,"column":22}}},"fnMap":{"0":{"name":"(anonymous_0)","decl":{"start":{"line":3,"column":4},"end":{"line":3,"column":null}},"loc":{"start":{"line":3,"column":4},"end":{"line":7,"column":5}}}},"branchMap":{},"s":{"0":15,"1":15,"2":6},"f":{"0":15},"b":{}}
,"C:\\Users\\kanuma\\Desktop\\andela\\projects\\html_css\\mybrand-api-ts\\src\\errors\\not-authorized-error.ts": {"path":"C:\\Users\\kanuma\\Desktop\\andela\\projects\\html_css\\mybrand-api-ts\\src\\errors\\not-authorized-error.ts","statementMap":{"0":{"start":{"line":1,"column":0},"end":{"line":1,"column":45}},"1":{"start":{"line":6,"column":8},"end":{"line":6,"column":16}},"2":{"start":{"line":4,"column":4},"end":{"line":4,"column":21}},"3":{"start":{"line":8,"column":8},"end":{"line":8,"column":null}},"4":{"start":{"line":11,"column":8},"end":{"line":11,"column":43}},"5":{"start":{"line":3,"column":0},"end":{"line":3,"column":13}}},"fnMap":{"0":{"name":"(anonymous_0)","decl":{"start":{"line":5,"column":4},"end":{"line":5,"column":null}},"loc":{"start":{"line":5,"column":4},"end":{"line":9,"column":5}}},"1":{"name":"(anonymous_1)","decl":{"start":{"line":10,"column":4},"end":{"line":10,"column":13}},"loc":{"start":{"line":10,"column":13},"end":{"line":12,"column":5}}}},"branchMap":{},"s":{"0":6,"1":2,"2":2,"3":2,"4":0,"5":6},"f":{"0":2,"1":0},"b":{}}
,"C:\\Users\\kanuma\\Desktop\\andela\\projects\\html_css\\mybrand-api-ts\\src\\errors\\not-found-error.ts": {"path":"C:\\Users\\kanuma\\Desktop\\andela\\projects\\html_css\\mybrand-api-ts\\src\\errors\\not-found-error.ts","statementMap":{"0":{"start":{"line":1,"column":0},"end":{"line":1,"column":45}},"1":{"start":{"line":6,"column":8},"end":{"line":6,"column":16}},"2":{"start":{"line":4,"column":4},"end":{"line":4,"column":21}},"3":{"start":{"line":8,"column":8},"end":{"line":8,"column":61}},"4":{"start":{"line":11,"column":8},"end":{"line":11,"column":null}},"5":{"start":{"line":3,"column":0},"end":{"line":3,"column":13}}},"fnMap":{"0":{"name":"(anonymous_0)","decl":{"start":{"line":5,"column":4},"end":{"line":5,"column":null}},"loc":{"start":{"line":5,"column":4},"end":{"line":9,"column":5}}},"1":{"name":"(anonymous_1)","decl":{"start":{"line":10,"column":4},"end":{"line":10,"column":13}},"loc":{"start":{"line":10,"column":13},"end":{"line":12,"column":5}}}},"branchMap":{},"s":{"0":6,"1":1,"2":1,"3":1,"4":0,"5":6},"f":{"0":1,"1":0},"b":{}}
,"C:\\Users\\kanuma\\Desktop\\andela\\projects\\html_css\\mybrand-api-ts\\src\\errors\\request-validation-error.ts": {"path":"C:\\Users\\kanuma\\Desktop\\andela\\projects\\html_css\\mybrand-api-ts\\src\\errors\\request-validation-error.ts","statementMap":{"0":{"start":{"line":1,"column":0},"end":{"line":1,"column":45}},"1":{"start":{"line":6,"column":8},"end":{"line":6,"column":16}},"2":{"start":{"line":5,"column":24},"end":{"line":5,"column":35}},"3":{"start":{"line":4,"column":4},"end":{"line":4,"column":21}},"4":{"start":{"line":8,"column":8},"end":{"line":8,"column":null}},"5":{"start":{"line":11,"column":8},"end":{"line":13,"column":11}},"6":{"start":{"line":12,"column":12},"end":{"line":12,"column":null}},"7":{"start":{"line":3,"column":0},"end":{"line":3,"column":13}}},"fnMap":{"0":{"name":"(anonymous_0)","decl":{"start":{"line":5,"column":4},"end":{"line":5,"column":24}},"loc":{"start":{"line":5,"column":35},"end":{"line":9,"column":5}}},"1":{"name":"(anonymous_1)","decl":{"start":{"line":10,"column":4},"end":{"line":10,"column":13}},"loc":{"start":{"line":10,"column":13},"end":{"line":14,"column":5}}},"2":{"name":"(anonymous_2)","decl":{"start":{"line":11,"column":39},"end":{"line":11,"column":42}},"loc":{"start":{"line":11,"column":45},"end":{"line":13,"column":9}}}},"branchMap":{},"s":{"0":6,"1":10,"2":10,"3":10,"4":10,"5":10,"6":10,"7":6},"f":{"0":10,"1":10,"2":10},"b":{}}
,"C:\\Users\\kanuma\\Desktop\\andela\\projects\\html_css\\mybrand-api-ts\\src\\handlers\\blogs.ts": {"path":"C:\\Users\\kanuma\\Desktop\\andela\\projects\\html_css\\mybrand-api-ts\\src\\handlers\\blogs.ts","statementMap":{"0":{"start":{"line":2,"column":0},"end":{"line":2,"column":38}},"1":{"start":{"line":3,"column":0},"end":{"line":3,"column":53}},"2":{"start":{"line":4,"column":0},"end":{"line":4,"column":38}},"3":{"start":{"line":5,"column":0},"end":{"line":5,"column":47}},"4":{"start":{"line":6,"column":0},"end":{"line":6,"column":58}},"5":{"start":{"line":7,"column":0},"end":{"line":7,"column":68}},"6":{"start":{"line":8,"column":0},"end":{"line":8,"column":62}},"7":{"start":{"line":19,"column":35},"end":{"line":26,"column":2}},"8":{"start":{"line":19,"column":88},"end":{"line":26,"column":2}},"9":{"start":{"line":20,"column":4},"end":{"line":25,"column":null}},"10":{"start":{"line":21,"column":25},"end":{"line":21,"column":58}},"11":{"start":{"line":22,"column":8},"end":{"line":22,"column":104}},"12":{"start":{"line":24,"column":8},"end":{"line":24,"column":27}},"13":{"start":{"line":19,"column":13},"end":{"line":19,"column":35}},"14":{"start":{"line":28,"column":37},"end":{"line":37,"column":2}},"15":{"start":{"line":28,"column":90},"end":{"line":37,"column":2}},"16":{"start":{"line":29,"column":4},"end":{"line":36,"column":null}},"17":{"start":{"line":30,"column":23},"end":{"line":30,"column":64}},"18":{"start":{"line":31,"column":21},"end":{"line":31,"column":114}},"19":{"start":{"line":32,"column":8},"end":{"line":32,"column":51}},"20":{"start":{"line":32,"column":25},"end":{"line":32,"column":51}},"21":{"start":{"line":33,"column":8},"end":{"line":33,"column":93}},"22":{"start":{"line":35,"column":8},"end":{"line":35,"column":27}},"23":{"start":{"line":28,"column":13},"end":{"line":28,"column":37}},"24":{"start":{"line":39,"column":32},"end":{"line":74,"column":2}},"25":{"start":{"line":39,"column":85},"end":{"line":74,"column":2}},"26":{"start":{"line":40,"column":4},"end":{"line":73,"column":null}},"27":{"start":{"line":41,"column":39},"end":{"line":41,"column":41}},"28":{"start":{"line":43,"column":8},"end":{"line":58,"column":null}},"29":{"start":{"line":44,"column":38},"end":{"line":44,"column":64}},"30":{"start":{"line":45,"column":32},"end":{"line":45,"column":58}},"31":{"start":{"line":46,"column":29},"end":{"line":48,"column":14}},"32":{"start":{"line":47,"column":16},"end":{"line":47,"column":48}},"33":{"start":{"line":47,"column":25},"end":{"line":47,"column":46}},"34":{"start":{"line":47,"column":48},"end":{"line":47,"column":62}},"35":{"start":{"line":49,"column":12},"end":{"line":49,"column":41}},"36":{"start":{"line":50,"column":12},"end":{"line":50,"column":53}},"37":{"start":{"line":51,"column":12},"end":{"line":51,"column":45}},"38":{"start":{"line":52,"column":12},"end":{"line":52,"column":47}},"39":{"start":{"line":53,"column":12},"end":{"line":53,"column":47}},"40":{"start":{"line":54,"column":12},"end":{"line":54,"column":45}},"41":{"start":{"line":55,"column":12},"end":{"line":55,"column":52}},"42":{"start":{"line":57,"column":12},"end":{"line":57,"column":null}},"43":{"start":{"line":59,"column":31},"end":{"line":59,"column":39}},"44":{"start":{"line":60,"column":24},"end":{"line":65,"column":10}},"45":{"start":{"line":66,"column":8},"end":{"line":66,"column":29}},"46":{"start":{"line":67,"column":21},"end":{"line":67,"column":52}},"47":{"start":{"line":68,"column":8},"end":{"line":68,"column":38}},"48":{"start":{"line":69,"column":8},"end":{"line":69,"column":27}},"49":{"start":{"line":70,"column":8},"end":{"line":70,"column":98}},"50":{"start":{"line":72,"column":8},"end":{"line":72,"column":27}},"51":{"start":{"line":39,"column":13},"end":{"line":39,"column":32}},"52":{"start":{"line":76,"column":32},"end":{"line":107,"column":2}},"53":{"start":{"line":76,"column":85},"end":{"line":107,"column":2}},"54":{"start":{"line":77,"column":4},"end":{"line":106,"column":null}},"55":{"start":{"line":78,"column":26},"end":{"line":78,"column":65}},"56":{"start":{"line":79,"column":8},"end":{"line":79,"column":49}},"57":{"start":{"line":79,"column":23},"end":{"line":79,"column":49}},"58":{"start":{"line":80,"column":8},"end":{"line":80,"column":98}},"59":{"start":{"line":80,"column":67},"end":{"line":80,"column":98}},"60":{"start":{"line":81,"column":39},"end":{"line":81,"column":58}},"61":{"start":{"line":83,"column":8},"end":{"line":96,"column":null}},"62":{"start":{"line":84,"column":38},"end":{"line":84,"column":64}},"63":{"start":{"line":85,"column":32},"end":{"line":85,"column":58}},"64":{"start":{"line":86,"column":29},"end":{"line":88,"column":14}},"65":{"start":{"line":87,"column":16},"end":{"line":87,"column":122}},"66":{"start":{"line":87,"column":45},"end":{"line":87,"column":98}},"67":{"start":{"line":87,"column":99},"end":{"line":87,"column":120}},"68":{"start":{"line":87,"column":142},"end":{"line":87,"column":198}},"69":{"start":{"line":87,"column":199},"end":{"line":87,"column":213}},"70":{"start":{"line":89,"column":12},"end":{"line":89,"column":41}},"71":{"start":{"line":90,"column":12},"end":{"line":90,"column":53}},"72":{"start":{"line":91,"column":12},"end":{"line":91,"column":45}},"73":{"start":{"line":92,"column":12},"end":{"line":92,"column":47}},"74":{"start":{"line":93,"column":12},"end":{"line":93,"column":47}},"75":{"start":{"line":94,"column":12},"end":{"line":94,"column":45}},"76":{"start":{"line":95,"column":12},"end":{"line":95,"column":52}},"77":{"start":{"line":98,"column":32},"end":{"line":98,"column":40}},"78":{"start":{"line":99,"column":8},"end":{"line":99,"column":33}},"79":{"start":{"line":100,"column":8},"end":{"line":100,"column":31}},"80":{"start":{"line":101,"column":8},"end":{"line":101,"column":40}},"81":{"start":{"line":102,"column":8},"end":{"line":102,"column":32}},"82":{"start":{"line":103,"column":8},"end":{"line":103,"column":101}},"83":{"start":{"line":105,"column":8},"end":{"line":105,"column":27}},"84":{"start":{"line":76,"column":13},"end":{"line":76,"column":32}},"85":{"start":{"line":109,"column":30},"end":{"line":127,"column":2}},"86":{"start":{"line":109,"column":83},"end":{"line":127,"column":2}},"87":{"start":{"line":110,"column":4},"end":{"line":126,"column":null}},"88":{"start":{"line":111,"column":26},"end":{"line":111,"column":65}},"89":{"start":{"line":112,"column":8},"end":{"line":112,"column":49}},"90":{"start":{"line":112,"column":23},"end":{"line":112,"column":49}},"91":{"start":{"line":113,"column":22},"end":{"line":113,"column":60}},"92":{"start":{"line":114,"column":8},"end":{"line":121,"column":null}},"93":{"start":{"line":115,"column":24},"end":{"line":115,"column":61}},"94":{"start":{"line":116,"column":12},"end":{"line":118,"column":null}},"95":{"start":{"line":117,"column":16},"end":{"line":117,"column":52}},"96":{"start":{"line":120,"column":12},"end":{"line":120,"column":47}},"97":{"start":{"line":122,"column":8},"end":{"line":122,"column":32}},"98":{"start":{"line":123,"column":8},"end":{"line":123,"column":101}},"99":{"start":{"line":125,"column":8},"end":{"line":125,"column":27}},"100":{"start":{"line":109,"column":13},"end":{"line":109,"column":30}},"101":{"start":{"line":129,"column":32},"end":{"line":140,"column":2}},"102":{"start":{"line":129,"column":85},"end":{"line":140,"column":2}},"103":{"start":{"line":130,"column":4},"end":{"line":139,"column":null}},"104":{"start":{"line":131,"column":26},"end":{"line":131,"column":65}},"105":{"start":{"line":132,"column":8},"end":{"line":132,"column":49}},"106":{"start":{"line":132,"column":23},"end":{"line":132,"column":49}},"107":{"start":{"line":133,"column":8},"end":{"line":133,"column":99}},"108":{"start":{"line":133,"column":68},"end":{"line":133,"column":99}},"109":{"start":{"line":134,"column":8},"end":{"line":134,"column":34}},"110":{"start":{"line":135,"column":8},"end":{"line":135,"column":32}},"111":{"start":{"line":136,"column":8},"end":{"line":136,"column":85}},"112":{"start":{"line":138,"column":8},"end":{"line":138,"column":27}},"113":{"start":{"line":129,"column":13},"end":{"line":129,"column":32}},"114":{"start":{"line":147,"column":85},"end":{"line":147,"column":37842}},"115":{"start":{"line":147,"column":89},"end":{"line":147,"column":37831}},"116":{"start":{"line":147,"column":37957},"end":{"line":147,"column":37963}},"117":{"start":{"line":147,"column":38078},"end":{"line":147,"column":38084}},"118":{"start":{"line":147,"column":38166},"end":{"line":147,"column":38172}},"119":{"start":{"line":147,"column":38257},"end":{"line":147,"column":38263}}},"fnMap":{"0":{"name":"(anonymous_7)","decl":{"start":{"line":19,"column":35},"end":{"line":19,"column":41}},"loc":{"start":{"line":19,"column":88},"end":{"line":26,"column":2}}},"1":{"name":"(anonymous_8)","decl":{"start":{"line":19,"column":88},"end":{"line":19,"column":null}},"loc":{"start":{"line":19,"column":88},"end":{"line":26,"column":1}}},"2":{"name":"(anonymous_9)","decl":{"start":{"line":28,"column":37},"end":{"line":28,"column":43}},"loc":{"start":{"line":28,"column":90},"end":{"line":37,"column":2}}},"3":{"name":"(anonymous_10)","decl":{"start":{"line":28,"column":90},"end":{"line":28,"column":null}},"loc":{"start":{"line":28,"column":90},"end":{"line":37,"column":1}}},"4":{"name":"(anonymous_11)","decl":{"start":{"line":39,"column":32},"end":{"line":39,"column":38}},"loc":{"start":{"line":39,"column":85},"end":{"line":74,"column":2}}},"5":{"name":"(anonymous_12)","decl":{"start":{"line":39,"column":85},"end":{"line":39,"column":null}},"loc":{"start":{"line":39,"column":85},"end":{"line":74,"column":1}}},"6":{"name":"(anonymous_13)","decl":{"start":{"line":46,"column":93},"end":{"line":46,"column":102}},"loc":{"start":{"line":46,"column":113},"end":{"line":48,"column":13}}},"7":{"name":"(anonymous_14)","decl":{"start":{"line":76,"column":32},"end":{"line":76,"column":38}},"loc":{"start":{"line":76,"column":85},"end":{"line":107,"column":2}}},"8":{"name":"(anonymous_15)","decl":{"start":{"line":76,"column":85},"end":{"line":76,"column":null}},"loc":{"start":{"line":76,"column":85},"end":{"line":107,"column":1}}},"9":{"name":"(anonymous_16)","decl":{"start":{"line":86,"column":93},"end":{"line":86,"column":102}},"loc":{"start":{"line":86,"column":113},"end":{"line":88,"column":13}}},"10":{"name":"(anonymous_17)","decl":{"start":{"line":109,"column":30},"end":{"line":109,"column":36}},"loc":{"start":{"line":109,"column":83},"end":{"line":127,"column":2}}},"11":{"name":"(anonymous_18)","decl":{"start":{"line":109,"column":83},"end":{"line":109,"column":null}},"loc":{"start":{"line":109,"column":83},"end":{"line":127,"column":1}}},"12":{"name":"(anonymous_19)","decl":{"start":{"line":129,"column":32},"end":{"line":129,"column":38}},"loc":{"start":{"line":129,"column":85},"end":{"line":140,"column":2}}},"13":{"name":"(anonymous_20)","decl":{"start":{"line":129,"column":85},"end":{"line":129,"column":null}},"loc":{"start":{"line":129,"column":85},"end":{"line":140,"column":1}}},"14":{"name":"oo_cm","decl":{"start":{"line":147,"column":77},"end":{"line":147,"column":82}},"loc":{"start":{"line":147,"column":82},"end":{"line":147,"column":37843}}}},"branchMap":{"0":{"loc":{"start":{"line":32,"column":8},"end":{"line":32,"column":51}},"type":"if","locations":[{"start":{"line":32,"column":8},"end":{"line":32,"column":51}}]},"1":{"loc":{"start":{"line":43,"column":8},"end":{"line":58,"column":null}},"type":"if","locations":[{"start":{"line":43,"column":8},"end":{"line":58,"column":null}},{"start":{"line":56,"column":13},"end":{"line":58,"column":null}}]},"2":{"loc":{"start":{"line":47,"column":16},"end":{"line":47,"column":48}},"type":"if","locations":[{"start":{"line":47,"column":16},"end":{"line":47,"column":48}}]},"3":{"loc":{"start":{"line":79,"column":8},"end":{"line":79,"column":49}},"type":"if","locations":[{"start":{"line":79,"column":8},"end":{"line":79,"column":49}}]},"4":{"loc":{"start":{"line":80,"column":8},"end":{"line":80,"column":98}},"type":"if","locations":[{"start":{"line":80,"column":8},"end":{"line":80,"column":98}}]},"5":{"loc":{"start":{"line":83,"column":8},"end":{"line":96,"column":null}},"type":"if","locations":[{"start":{"line":83,"column":8},"end":{"line":96,"column":null}}]},"6":{"loc":{"start":{"line":87,"column":16},"end":{"line":87,"column":122}},"type":"if","locations":[{"start":{"line":87,"column":16},"end":{"line":87,"column":122}}]},"7":{"loc":{"start":{"line":112,"column":8},"end":{"line":112,"column":49}},"type":"if","locations":[{"start":{"line":112,"column":8},"end":{"line":112,"column":49}}]},"8":{"loc":{"start":{"line":114,"column":8},"end":{"line":121,"column":null}},"type":"if","locations":[{"start":{"line":114,"column":8},"end":{"line":121,"column":null}},{"start":{"line":119,"column":13},"end":{"line":121,"column":null}}]},"9":{"loc":{"start":{"line":116,"column":12},"end":{"line":118,"column":null}},"type":"if","locations":[{"start":{"line":116,"column":12},"end":{"line":118,"column":null}}]},"10":{"loc":{"start":{"line":132,"column":8},"end":{"line":132,"column":49}},"type":"if","locations":[{"start":{"line":132,"column":8},"end":{"line":132,"column":49}}]},"11":{"loc":{"start":{"line":133,"column":8},"end":{"line":133,"column":99}},"type":"if","locations":[{"start":{"line":133,"column":8},"end":{"line":133,"column":99}}]},"12":{"loc":{"start":{"line":147,"column":96},"end":{"line":147,"column":37830}},"type":"binary-expr","locations":[{"start":{"line":147,"column":96},"end":{"line":147,"column":133}},{"start":{"line":147,"column":137},"end":{"line":147,"column":37830}}]}},"s":{"0":6,"1":6,"2":6,"3":6,"4":6,"5":6,"6":6,"7":6,"8":7,"9":7,"10":7,"11":7,"12":0,"13":6,"14":6,"15":1,"16":1,"17":1,"18":1,"19":1,"20":0,"21":1,"22":0,"23":6,"24":6,"25":13,"26":13,"27":13,"28":13,"29":13,"30":13,"31":13,"32":13,"33":0,"34":13,"35":13,"36":13,"37":13,"38":13,"39":13,"40":13,"41":13,"42":0,"43":13,"44":13,"45":13,"46":13,"47":13,"48":13,"49":13,"50":0,"51":6,"52":6,"53":2,"54":2,"55":2,"56":2,"57":0,"58":2,"59":1,"60":1,"61":1,"62":1,"63":1,"64":1,"65":1,"66":0,"67":0,"68":1,"69":1,"70":1,"71":1,"72":1,"73":1,"74":1,"75":1,"76":1,"77":1,"78":1,"79":1,"80":1,"81":1,"82":1,"83":1,"84":6,"85":6,"86":2,"87":2,"88":2,"89":2,"90":0,"91":2,"92":2,"93":1,"94":1,"95":1,"96":1,"97":2,"98":2,"99":0,"100":6,"101":6,"102":2,"103":2,"104":2,"105":2,"106":0,"107":2,"108":1,"109":1,"110":1,"111":1,"112":1,"113":6,"114":1,"115":1,"116":6,"117":6,"118":6,"119":6},"f":{"0":7,"1":7,"2":1,"3":1,"4":13,"5":13,"6":13,"7":2,"8":2,"9":1,"10":2,"11":2,"12":2,"13":2,"14":1},"b":{"0":[0],"1":[13,0],"2":[0],"3":[0],"4":[1],"5":[1],"6":[0],"7":[0],"8":[1,1],"9":[1],"10":[0],"11":[1],"12":[1,1]}}
,"C:\\Users\\kanuma\\Desktop\\andela\\projects\\html_css\\mybrand-api-ts\\src\\handlers\\comments.ts": {"path":"C:\\Users\\kanuma\\Desktop\\andela\\projects\\html_css\\mybrand-api-ts\\src\\handlers\\comments.ts","statementMap":{"0":{"start":{"line":2,"column":0},"end":{"line":2,"column":38}},"1":{"start":{"line":3,"column":0},"end":{"line":3,"column":44}},"2":{"start":{"line":4,"column":0},"end":{"line":4,"column":58}},"3":{"start":{"line":6,"column":35},"end":{"line":30,"column":2}},"4":{"start":{"line":6,"column":88},"end":{"line":30,"column":2}},"5":{"start":{"line":7,"column":4},"end":{"line":29,"column":null}},"6":{"start":{"line":8,"column":26},"end":{"line":8,"column":65}},"7":{"start":{"line":9,"column":8},"end":{"line":9,"column":49}},"8":{"start":{"line":9,"column":23},"end":{"line":9,"column":49}},"9":{"start":{"line":10,"column":27},"end":{"line":14,"column":10}},"10":{"start":{"line":15,"column":8},"end":{"line":15,"column":32}},"11":{"start":{"line":16,"column":8},"end":{"line":16,"column":48}},"12":{"start":{"line":17,"column":8},"end":{"line":17,"column":31}},"13":{"start":{"line":18,"column":28},"end":{"line":25,"column":10}},"14":{"start":{"line":26,"column":8},"end":{"line":26,"column":106}},"15":{"start":{"line":28,"column":8},"end":{"line":28,"column":27}},"16":{"start":{"line":6,"column":13},"end":{"line":6,"column":35}},"17":{"start":{"line":32,"column":33},"end":{"line":57,"column":2}},"18":{"start":{"line":32,"column":86},"end":{"line":57,"column":2}},"19":{"start":{"line":33,"column":4},"end":{"line":56,"column":null}},"20":{"start":{"line":34,"column":24},"end":{"line":34,"column":69}},"21":{"start":{"line":35,"column":8},"end":{"line":35,"column":47}},"22":{"start":{"line":35,"column":21},"end":{"line":35,"column":47}},"23":{"start":{"line":36,"column":22},"end":{"line":36,"column":57}},"24":{"start":{"line":37,"column":23},"end":{"line":37,"column":61}},"25":{"start":{"line":38,"column":8},"end":{"line":45,"column":12}},"26":{"start":{"line":39,"column":24},"end":{"line":39,"column":58}},"27":{"start":{"line":40,"column":12},"end":{"line":42,"column":null}},"28":{"start":{"line":41,"column":16},"end":{"line":41,"column":48}},"29":{"start":{"line":44,"column":12},"end":{"line":44,"column":44}},"30":{"start":{"line":45,"column":9},"end":{"line":50,"column":null}},"31":{"start":{"line":46,"column":24},"end":{"line":46,"column":61}},"32":{"start":{"line":47,"column":12},"end":{"line":49,"column":null}},"33":{"start":{"line":48,"column":16},"end":{"line":48,"column":50}},"34":{"start":{"line":51,"column":8},"end":{"line":51,"column":29}},"35":{"start":{"line":52,"column":28},"end":{"line":52,"column":110}},"36":{"start":{"line":53,"column":8},"end":{"line":53,"column":110}},"37":{"start":{"line":55,"column":8},"end":{"line":55,"column":27}},"38":{"start":{"line":32,"column":13},"end":{"line":32,"column":33}},"39":{"start":{"line":59,"column":36},"end":{"line":86,"column":2}},"40":{"start":{"line":59,"column":89},"end":{"line":86,"column":2}},"41":{"start":{"line":60,"column":4},"end":{"line":85,"column":null}},"42":{"start":{"line":61,"column":24},"end":{"line":61,"column":69}},"43":{"start":{"line":62,"column":8},"end":{"line":62,"column":47}},"44":{"start":{"line":62,"column":21},"end":{"line":62,"column":47}},"45":{"start":{"line":64,"column":22},"end":{"line":64,"column":60}},"46":{"start":{"line":65,"column":23},"end":{"line":65,"column":58}},"47":{"start":{"line":67,"column":8},"end":{"line":74,"column":12}},"48":{"start":{"line":68,"column":24},"end":{"line":68,"column":62}},"49":{"start":{"line":69,"column":12},"end":{"line":71,"column":null}},"50":{"start":{"line":70,"column":16},"end":{"line":70,"column":51}},"51":{"start":{"line":73,"column":12},"end":{"line":73,"column":48}},"52":{"start":{"line":74,"column":9},"end":{"line":79,"column":null}},"53":{"start":{"line":75,"column":24},"end":{"line":75,"column":59}},"54":{"start":{"line":76,"column":12},"end":{"line":78,"column":null}},"55":{"start":{"line":77,"column":16},"end":{"line":77,"column":48}},"56":{"start":{"line":80,"column":8},"end":{"line":80,"column":29}},"57":{"start":{"line":81,"column":28},"end":{"line":81,"column":110}},"58":{"start":{"line":82,"column":8},"end":{"line":82,"column":109}},"59":{"start":{"line":84,"column":8},"end":{"line":84,"column":27}},"60":{"start":{"line":59,"column":13},"end":{"line":59,"column":36}}},"fnMap":{"0":{"name":"(anonymous_7)","decl":{"start":{"line":6,"column":35},"end":{"line":6,"column":41}},"loc":{"start":{"line":6,"column":88},"end":{"line":30,"column":2}}},"1":{"name":"(anonymous_8)","decl":{"start":{"line":6,"column":88},"end":{"line":6,"column":null}},"loc":{"start":{"line":6,"column":88},"end":{"line":30,"column":1}}},"2":{"name":"(anonymous_9)","decl":{"start":{"line":32,"column":33},"end":{"line":32,"column":39}},"loc":{"start":{"line":32,"column":86},"end":{"line":57,"column":2}}},"3":{"name":"(anonymous_10)","decl":{"start":{"line":32,"column":86},"end":{"line":32,"column":null}},"loc":{"start":{"line":32,"column":86},"end":{"line":57,"column":1}}},"4":{"name":"(anonymous_11)","decl":{"start":{"line":59,"column":36},"end":{"line":59,"column":42}},"loc":{"start":{"line":59,"column":89},"end":{"line":86,"column":2}}},"5":{"name":"(anonymous_12)","decl":{"start":{"line":59,"column":89},"end":{"line":59,"column":null}},"loc":{"start":{"line":59,"column":89},"end":{"line":86,"column":1}}}},"branchMap":{"0":{"loc":{"start":{"line":9,"column":8},"end":{"line":9,"column":49}},"type":"if","locations":[{"start":{"line":9,"column":8},"end":{"line":9,"column":49}}]},"1":{"loc":{"start":{"line":35,"column":8},"end":{"line":35,"column":47}},"type":"if","locations":[{"start":{"line":35,"column":8},"end":{"line":35,"column":47}}]},"2":{"loc":{"start":{"line":38,"column":8},"end":{"line":45,"column":12}},"type":"if","locations":[{"start":{"line":38,"column":8},"end":{"line":45,"column":12}},{"start":{"line":43,"column":13},"end":{"line":45,"column":12}}]},"3":{"loc":{"start":{"line":40,"column":12},"end":{"line":42,"column":null}},"type":"if","locations":[{"start":{"line":40,"column":12},"end":{"line":42,"column":null}}]},"4":{"loc":{"start":{"line":45,"column":9},"end":{"line":50,"column":null}},"type":"if","locations":[{"start":{"line":45,"column":9},"end":{"line":50,"column":null}}]},"5":{"loc":{"start":{"line":47,"column":12},"end":{"line":49,"column":null}},"type":"if","locations":[{"start":{"line":47,"column":12},"end":{"line":49,"column":null}}]},"6":{"loc":{"start":{"line":62,"column":8},"end":{"line":62,"column":47}},"type":"if","locations":[{"start":{"line":62,"column":8},"end":{"line":62,"column":47}}]},"7":{"loc":{"start":{"line":67,"column":8},"end":{"line":74,"column":12}},"type":"if","locations":[{"start":{"line":67,"column":8},"end":{"line":74,"column":12}},{"start":{"line":72,"column":13},"end":{"line":74,"column":12}}]},"8":{"loc":{"start":{"line":69,"column":12},"end":{"line":71,"column":null}},"type":"if","locations":[{"start":{"line":69,"column":12},"end":{"line":71,"column":null}}]},"9":{"loc":{"start":{"line":74,"column":9},"end":{"line":79,"column":null}},"type":"if","locations":[{"start":{"line":74,"column":9},"end":{"line":79,"column":null}}]},"10":{"loc":{"start":{"line":76,"column":12},"end":{"line":78,"column":null}},"type":"if","locations":[{"start":{"line":76,"column":12},"end":{"line":78,"column":null}}]}},"s":{"0":6,"1":6,"2":6,"3":6,"4":4,"5":4,"6":4,"7":4,"8":0,"9":4,"10":4,"11":4,"12":4,"13":4,"14":4,"15":0,"16":6,"17":6,"18":3,"19":3,"20":3,"21":3,"22":0,"23":3,"24":3,"25":3,"26":0,"27":0,"28":0,"29":3,"30":3,"31":1,"32":1,"33":1,"34":3,"35":3,"36":3,"37":0,"38":6,"39":6,"40":3,"41":3,"42":3,"43":3,"44":0,"45":3,"46":3,"47":3,"48":0,"49":0,"50":0,"51":3,"52":3,"53":2,"54":2,"55":2,"56":3,"57":3,"58":3,"59":0,"60":6},"f":{"0":4,"1":4,"2":3,"3":3,"4":3,"5":3},"b":{"0":[0],"1":[0],"2":[0,3],"3":[0],"4":[1],"5":[1],"6":[0],"7":[0,3],"8":[0],"9":[2],"10":[2]}}
,"C:\\Users\\kanuma\\Desktop\\andela\\projects\\html_css\\mybrand-api-ts\\src\\handlers\\messages.ts": {"path":"C:\\Users\\kanuma\\Desktop\\andela\\projects\\html_css\\mybrand-api-ts\\src\\handlers\\messages.ts","statementMap":{"0":{"start":{"line":2,"column":0},"end":{"line":2,"column":44}},"1":{"start":{"line":4,"column":0},"end":{"line":4,"column":58}},"2":{"start":{"line":6,"column":35},"end":{"line":17,"column":2}},"3":{"start":{"line":6,"column":88},"end":{"line":17,"column":2}},"4":{"start":{"line":7,"column":4},"end":{"line":16,"column":null}},"5":{"start":{"line":8,"column":32},"end":{"line":8,"column":40}},"6":{"start":{"line":9,"column":27},"end":{"line":11,"column":10}},"7":{"start":{"line":12,"column":8},"end":{"line":12,"column":32}},"8":{"start":{"line":13,"column":8},"end":{"line":13,"column":106}},"9":{"start":{"line":15,"column":8},"end":{"line":15,"column":null}},"10":{"start":{"line":6,"column":13},"end":{"line":6,"column":35}},"11":{"start":{"line":19,"column":38},"end":{"line":26,"column":2}},"12":{"start":{"line":19,"column":91},"end":{"line":26,"column":2}},"13":{"start":{"line":20,"column":4},"end":{"line":25,"column":null}},"14":{"start":{"line":21,"column":28},"end":{"line":21,"column":65}},"15":{"start":{"line":22,"column":8},"end":{"line":22,"column":113}},"16":{"start":{"line":24,"column":8},"end":{"line":24,"column":27}},"17":{"start":{"line":19,"column":13},"end":{"line":19,"column":38}},"18":{"start":{"line":28,"column":40},"end":{"line":36,"column":null}},"19":{"start":{"line":28,"column":93},"end":{"line":36,"column":null}},"20":{"start":{"line":29,"column":4},"end":{"line":35,"column":null}},"21":{"start":{"line":30,"column":29},"end":{"line":30,"column":74}},"22":{"start":{"line":31,"column":8},"end":{"line":31,"column":52}},"23":{"start":{"line":31,"column":26},"end":{"line":31,"column":52}},"24":{"start":{"line":32,"column":8},"end":{"line":32,"column":113}},"25":{"start":{"line":34,"column":8},"end":{"line":34,"column":null}},"26":{"start":{"line":28,"column":13},"end":{"line":28,"column":40}},"27":{"start":{"line":38,"column":35},"end":{"line":48,"column":null}},"28":{"start":{"line":38,"column":88},"end":{"line":48,"column":null}},"29":{"start":{"line":39,"column":4},"end":{"line":47,"column":null}},"30":{"start":{"line":40,"column":29},"end":{"line":40,"column":74}},"31":{"start":{"line":41,"column":8},"end":{"line":41,"column":52}},"32":{"start":{"line":41,"column":26},"end":{"line":41,"column":52}},"33":{"start":{"line":42,"column":8},"end":{"line":42,"column":37}},"34":{"start":{"line":43,"column":8},"end":{"line":43,"column":null}},"35":{"start":{"line":44,"column":8},"end":{"line":44,"column":null}},"36":{"start":{"line":46,"column":8},"end":{"line":46,"column":27}},"37":{"start":{"line":38,"column":13},"end":{"line":38,"column":35}}},"fnMap":{"0":{"name":"(anonymous_7)","decl":{"start":{"line":6,"column":35},"end":{"line":6,"column":41}},"loc":{"start":{"line":6,"column":88},"end":{"line":17,"column":2}}},"1":{"name":"(anonymous_8)","decl":{"start":{"line":6,"column":88},"end":{"line":6,"column":null}},"loc":{"start":{"line":6,"column":88},"end":{"line":17,"column":1}}},"2":{"name":"(anonymous_9)","decl":{"start":{"line":19,"column":38},"end":{"line":19,"column":44}},"loc":{"start":{"line":19,"column":91},"end":{"line":26,"column":2}}},"3":{"name":"(anonymous_10)","decl":{"start":{"line":19,"column":91},"end":{"line":19,"column":null}},"loc":{"start":{"line":19,"column":91},"end":{"line":26,"column":1}}},"4":{"name":"(anonymous_11)","decl":{"start":{"line":28,"column":40},"end":{"line":28,"column":46}},"loc":{"start":{"line":28,"column":93},"end":{"line":36,"column":null}}},"5":{"name":"(anonymous_12)","decl":{"start":{"line":28,"column":93},"end":{"line":28,"column":null}},"loc":{"start":{"line":28,"column":93},"end":{"line":36,"column":1}}},"6":{"name":"(anonymous_13)","decl":{"start":{"line":38,"column":35},"end":{"line":38,"column":41}},"loc":{"start":{"line":38,"column":88},"end":{"line":48,"column":null}}},"7":{"name":"(anonymous_14)","decl":{"start":{"line":38,"column":88},"end":{"line":38,"column":null}},"loc":{"start":{"line":38,"column":88},"end":{"line":48,"column":1}}}},"branchMap":{"0":{"loc":{"start":{"line":31,"column":8},"end":{"line":31,"column":52}},"type":"if","locations":[{"start":{"line":31,"column":8},"end":{"line":31,"column":52}}]},"1":{"loc":{"start":{"line":41,"column":8},"end":{"line":41,"column":52}},"type":"if","locations":[{"start":{"line":41,"column":8},"end":{"line":41,"column":52}}]}},"s":{"0":6,"1":6,"2":6,"3":5,"4":5,"5":5,"6":5,"7":5,"8":5,"9":0,"10":6,"11":6,"12":2,"13":2,"14":2,"15":2,"16":0,"17":6,"18":6,"19":2,"20":2,"21":2,"22":2,"23":1,"24":1,"25":1,"26":6,"27":6,"28":1,"29":1,"30":1,"31":1,"32":0,"33":1,"34":1,"35":1,"36":0,"37":6},"f":{"0":5,"1":5,"2":2,"3":2,"4":2,"5":2,"6":1,"7":1},"b":{"0":[1],"1":[0]}}
,"C:\\Users\\kanuma\\Desktop\\andela\\projects\\html_css\\mybrand-api-ts\\src\\middleware\\error-handler.ts": {"path":"C:\\Users\\kanuma\\Desktop\\andela\\projects\\html_css\\mybrand-api-ts\\src\\middleware\\error-handler.ts","statementMap":{"0":{"start":{"line":2,"column":0},"end":{"line":2,"column":53}},"1":{"start":{"line":4,"column":28},"end":{"line":12,"column":1}},"2":{"start":{"line":5,"column":4},"end":{"line":11,"column":null}},"3":{"start":{"line":6,"column":8},"end":{"line":6,"column":76}},"4":{"start":{"line":8,"column":8},"end":{"line":10,"column":11}},"5":{"start":{"line":4,"column":13},"end":{"line":4,"column":28}}},"fnMap":{"0":{"name":"(anonymous_0)","decl":{"start":{"line":4,"column":28},"end":{"line":4,"column":29}},"loc":{"start":{"line":4,"column":87},"end":{"line":12,"column":1}}}},"branchMap":{"0":{"loc":{"start":{"line":5,"column":4},"end":{"line":11,"column":null}},"type":"if","locations":[{"start":{"line":5,"column":4},"end":{"line":11,"column":null}},{"start":{"line":7,"column":9},"end":{"line":11,"column":null}}]}},"s":{"0":6,"1":6,"2":16,"3":10,"4":6,"5":6},"f":{"0":16},"b":{"0":[10,6]}}
,"C:\\Users\\kanuma\\Desktop\\andela\\projects\\html_css\\mybrand-api-ts\\src\\middleware\\index.ts": {"path":"C:\\Users\\kanuma\\Desktop\\andela\\projects\\html_css\\mybrand-api-ts\\src\\middleware\\index.ts","statementMap":{"0":{"start":{"line":1,"column":0},"end":{"line":1,"column":27}},"1":{"start":{"line":4,"column":0},"end":{"line":4,"column":68}},"2":{"start":{"line":5,"column":12},"end":{"line":5,"column":35}},"3":{"start":{"line":6,"column":17},"end":{"line":6,"column":36}},"4":{"start":{"line":7,"column":0},"end":{"line":7,"column":43}},"5":{"start":{"line":9,"column":15},"end":{"line":9,"column":47}},"6":{"start":{"line":20,"column":32},"end":{"line":31,"column":2}},"7":{"start":{"line":20,"column":85},"end":{"line":31,"column":2}},"8":{"start":{"line":21,"column":4},"end":{"line":30,"column":null}},"9":{"start":{"line":22,"column":26},"end":{"line":22,"column":73}},"10":{"start":{"line":23,"column":21},"end":{"line":23,"column":50}},"11":{"start":{"line":24,"column":8},"end":{"line":24,"column":64}},"12":{"start":{"line":24,"column":33},"end":{"line":24,"column":64}},"13":{"start":{"line":25,"column":8},"end":{"line":25,"column":29}},"14":{"start":{"line":26,"column":8},"end":{"line":26,"column":29}},"15":{"start":{"line":27,"column":8},"end":{"line":27,"column":22}},"16":{"start":{"line":29,"column":8},"end":{"line":29,"column":null}},"17":{"start":{"line":20,"column":13},"end":{"line":20,"column":32}},"18":{"start":{"line":32,"column":28},"end":{"line":42,"column":2}},"19":{"start":{"line":32,"column":81},"end":{"line":42,"column":2}},"20":{"start":{"line":33,"column":4},"end":{"line":41,"column":null}},"21":{"start":{"line":34,"column":26},"end":{"line":34,"column":73}},"22":{"start":{"line":35,"column":21},"end":{"line":35,"column":50}},"23":{"start":{"line":36,"column":8},"end":{"line":36,"column":29}},"24":{"start":{"line":37,"column":8},"end":{"line":37,"column":29}},"25":{"start":{"line":38,"column":8},"end":{"line":38,"column":22}},"26":{"start":{"line":40,"column":8},"end":{"line":40,"column":null}},"27":{"start":{"line":32,"column":13},"end":{"line":32,"column":28}}},"fnMap":{"0":{"name":"(anonymous_7)","decl":{"start":{"line":20,"column":32},"end":{"line":20,"column":38}},"loc":{"start":{"line":20,"column":85},"end":{"line":31,"column":2}}},"1":{"name":"(anonymous_8)","decl":{"start":{"line":20,"column":85},"end":{"line":20,"column":null}},"loc":{"start":{"line":20,"column":85},"end":{"line":31,"column":1}}},"2":{"name":"(anonymous_9)","decl":{"start":{"line":32,"column":28},"end":{"line":32,"column":34}},"loc":{"start":{"line":32,"column":81},"end":{"line":42,"column":2}}},"3":{"name":"(anonymous_10)","decl":{"start":{"line":32,"column":81},"end":{"line":32,"column":null}},"loc":{"start":{"line":32,"column":81},"end":{"line":42,"column":1}}}},"branchMap":{"0":{"loc":{"start":{"line":22,"column":26},"end":{"line":22,"column":73}},"type":"cond-expr","locations":[{"start":{"line":22,"column":51},"end":{"line":22,"column":53}},{"start":{"line":22,"column":51},"end":{"line":22,"column":73}}]},"1":{"loc":{"start":{"line":22,"column":26},"end":{"line":22,"column":53}},"type":"binary-expr","locations":[{"start":{"line":22,"column":26},"end":{"line":22,"column":53}},{"start":{"line":22,"column":51},"end":{"line":22,"column":53}}]},"2":{"loc":{"start":{"line":24,"column":8},"end":{"line":24,"column":64}},"type":"if","locations":[{"start":{"line":24,"column":8},"end":{"line":24,"column":64}}]},"3":{"loc":{"start":{"line":34,"column":26},"end":{"line":34,"column":73}},"type":"cond-expr","locations":[{"start":{"line":34,"column":51},"end":{"line":34,"column":53}},{"start":{"line":34,"column":51},"end":{"line":34,"column":73}}]},"4":{"loc":{"start":{"line":34,"column":26},"end":{"line":34,"column":53}},"type":"binary-expr","locations":[{"start":{"line":34,"column":26},"end":{"line":34,"column":53}},{"start":{"line":34,"column":51},"end":{"line":34,"column":53}}]}},"s":{"0":6,"1":6,"2":6,"3":6,"4":6,"5":6,"6":6,"7":27,"8":27,"9":27,"10":27,"11":27,"12":0,"13":27,"14":27,"15":27,"16":0,"17":6,"18":6,"19":11,"20":11,"21":11,"22":11,"23":11,"24":11,"25":11,"26":0,"27":6},"f":{"0":27,"1":27,"2":11,"3":11},"b":{"0":[0,27],"1":[27,27],"2":[0],"3":[0,11],"4":[11,11]}}
,"C:\\Users\\kanuma\\Desktop\\andela\\projects\\html_css\\mybrand-api-ts\\src\\middleware\\validate-request.ts": {"path":"C:\\Users\\kanuma\\Desktop\\andela\\projects\\html_css\\mybrand-api-ts\\src\\middleware\\validate-request.ts","statementMap":{"0":{"start":{"line":2,"column":0},"end":{"line":2,"column":76}},"1":{"start":{"line":3,"column":12},"end":{"line":3,"column":26}},"2":{"start":{"line":6,"column":21},"end":{"line":11,"column":2}},"3":{"start":{"line":14,"column":19},"end":{"line":17,"column":2}},"4":{"start":{"line":20,"column":22},"end":{"line":23,"column":2}},"5":{"start":{"line":26,"column":22},"end":{"line":28,"column":2}},"6":{"start":{"line":31,"column":21},"end":{"line":34,"column":2}},"7":{"start":{"line":37,"column":30},"end":{"line":41,"column":2}},"8":{"start":{"line":37,"column":83},"end":{"line":41,"column":2}},"9":{"start":{"line":38,"column":29},"end":{"line":38,"column":60}},"10":{"start":{"line":39,"column":4},"end":{"line":39,"column":55}},"11":{"start":{"line":39,"column":15},"end":{"line":39,"column":55}},"12":{"start":{"line":40,"column":4},"end":{"line":40,"column":11}},"13":{"start":{"line":37,"column":13},"end":{"line":37,"column":30}},"14":{"start":{"line":44,"column":30},"end":{"line":48,"column":2}},"15":{"start":{"line":44,"column":83},"end":{"line":48,"column":2}},"16":{"start":{"line":45,"column":29},"end":{"line":45,"column":60}},"17":{"start":{"line":46,"column":4},"end":{"line":46,"column":55}},"18":{"start":{"line":46,"column":15},"end":{"line":46,"column":55}},"19":{"start":{"line":47,"column":4},"end":{"line":47,"column":11}},"20":{"start":{"line":44,"column":13},"end":{"line":44,"column":30}},"21":{"start":{"line":51,"column":28},"end":{"line":55,"column":2}},"22":{"start":{"line":51,"column":81},"end":{"line":55,"column":2}},"23":{"start":{"line":52,"column":29},"end":{"line":52,"column":58}},"24":{"start":{"line":53,"column":4},"end":{"line":53,"column":55}},"25":{"start":{"line":53,"column":15},"end":{"line":53,"column":55}},"26":{"start":{"line":54,"column":4},"end":{"line":54,"column":11}},"27":{"start":{"line":51,"column":13},"end":{"line":51,"column":28}},"28":{"start":{"line":58,"column":31},"end":{"line":62,"column":2}},"29":{"start":{"line":58,"column":84},"end":{"line":62,"column":2}},"30":{"start":{"line":59,"column":29},"end":{"line":59,"column":61}},"31":{"start":{"line":60,"column":4},"end":{"line":60,"column":55}},"32":{"start":{"line":60,"column":15},"end":{"line":60,"column":55}},"33":{"start":{"line":61,"column":4},"end":{"line":61,"column":11}},"34":{"start":{"line":58,"column":13},"end":{"line":58,"column":31}},"35":{"start":{"line":65,"column":31},"end":{"line":69,"column":2}},"36":{"start":{"line":65,"column":84},"end":{"line":69,"column":2}},"37":{"start":{"line":66,"column":29},"end":{"line":66,"column":61}},"38":{"start":{"line":67,"column":4},"end":{"line":67,"column":55}},"39":{"start":{"line":67,"column":15},"end":{"line":67,"column":55}},"40":{"start":{"line":68,"column":4},"end":{"line":68,"column":11}},"41":{"start":{"line":65,"column":13},"end":{"line":65,"column":31}}},"fnMap":{"0":{"name":"(anonymous_7)","decl":{"start":{"line":37,"column":30},"end":{"line":37,"column":36}},"loc":{"start":{"line":37,"column":83},"end":{"line":41,"column":2}}},"1":{"name":"(anonymous_8)","decl":{"start":{"line":37,"column":83},"end":{"line":37,"column":null}},"loc":{"start":{"line":37,"column":83},"end":{"line":41,"column":1}}},"2":{"name":"(anonymous_9)","decl":{"start":{"line":44,"column":30},"end":{"line":44,"column":36}},"loc":{"start":{"line":44,"column":83},"end":{"line":48,"column":2}}},"3":{"name":"(anonymous_10)","decl":{"start":{"line":44,"column":83},"end":{"line":44,"column":null}},"loc":{"start":{"line":44,"column":83},"end":{"line":48,"column":1}}},"4":{"name":"(anonymous_11)","decl":{"start":{"line":51,"column":28},"end":{"line":51,"column":34}},"loc":{"start":{"line":51,"column":81},"end":{"line":55,"column":2}}},"5":{"name":"(anonymous_12)","decl":{"start":{"line":51,"column":81},"end":{"line":51,"column":null}},"loc":{"start":{"line":51,"column":81},"end":{"line":55,"column":1}}},"6":{"name":"(anonymous_13)","decl":{"start":{"line":58,"column":31},"end":{"line":58,"column":37}},"loc":{"start":{"line":58,"column":84},"end":{"line":62,"column":2}}},"7":{"name":"(anonymous_14)","decl":{"start":{"line":58,"column":84},"end":{"line":58,"column":null}},"loc":{"start":{"line":58,"column":84},"end":{"line":62,"column":1}}},"8":{"name":"(anonymous_15)","decl":{"start":{"line":65,"column":31},"end":{"line":65,"column":37}},"loc":{"start":{"line":65,"column":84},"end":{"line":69,"column":2}}},"9":{"name":"(anonymous_16)","decl":{"start":{"line":65,"column":84},"end":{"line":65,"column":null}},"loc":{"start":{"line":65,"column":84},"end":{"line":69,"column":1}}}},"branchMap":{"0":{"loc":{"start":{"line":39,"column":4},"end":{"line":39,"column":55}},"type":"if","locations":[{"start":{"line":39,"column":4},"end":{"line":39,"column":55}}]},"1":{"loc":{"start":{"line":46,"column":4},"end":{"line":46,"column":55}},"type":"if","locations":[{"start":{"line":46,"column":4},"end":{"line":46,"column":55}}]},"2":{"loc":{"start":{"line":53,"column":4},"end":{"line":53,"column":55}},"type":"if","locations":[{"start":{"line":53,"column":4},"end":{"line":53,"column":55}}]},"3":{"loc":{"start":{"line":60,"column":4},"end":{"line":60,"column":55}},"type":"if","locations":[{"start":{"line":60,"column":4},"end":{"line":60,"column":55}}]},"4":{"loc":{"start":{"line":67,"column":4},"end":{"line":67,"column":55}},"type":"if","locations":[{"start":{"line":67,"column":4},"end":{"line":67,"column":55}}]}},"s":{"0":6,"1":6,"2":6,"3":6,"4":6,"5":6,"6":6,"7":6,"8":34,"9":34,"10":34,"11":4,"12":30,"13":6,"14":6,"15":5,"16":5,"17":5,"18":1,"19":4,"20":6,"21":6,"22":18,"23":18,"24":18,"25":3,"26":15,"27":6,"28":6,"29":5,"30":5,"31":5,"32":1,"33":4,"34":6,"35":6,"36":6,"37":6,"38":6,"39":1,"40":5,"41":6},"f":{"0":34,"1":34,"2":5,"3":5,"4":18,"5":18,"6":5,"7":5,"8":6,"9":6},"b":{"0":[4],"1":[1],"2":[3],"3":[1],"4":[1]}}
,"C:\\Users\\kanuma\\Desktop\\andela\\projects\\html_css\\mybrand-api-ts\\src\\models\\blog.ts": {"path":"C:\\Users\\kanuma\\Desktop\\andela\\projects\\html_css\\mybrand-api-ts\\src\\models\\blog.ts","statementMap":{"0":{"start":{"line":1,"column":0},"end":{"line":1,"column":32}},"1":{"start":{"line":8,"column":19},"end":{"line":42,"column":22}},"2":{"start":{"line":44,"column":0},"end":{"line":46,"column":2}},"3":{"start":{"line":45,"column":4},"end":{"line":45,"column":27}},"4":{"start":{"line":47,"column":13},"end":{"line":47,"column":67}},"5":{"start":{"line":48,"column":9},"end":{"line":48,"column":13}}},"fnMap":{"0":{"name":"(anonymous_1)","decl":{"start":{"line":44,"column":27},"end":{"line":44,"column":28}},"loc":{"start":{"line":44,"column":47},"end":{"line":46,"column":1}}}},"branchMap":{},"s":{"0":6,"1":6,"2":6,"3":0,"4":6,"5":6},"f":{"0":0},"b":{}}
,"C:\\Users\\kanuma\\Desktop\\andela\\projects\\html_css\\mybrand-api-ts\\src\\models\\comment.ts": {"path":"C:\\Users\\kanuma\\Desktop\\andela\\projects\\html_css\\mybrand-api-ts\\src\\models\\comment.ts","statementMap":{"0":{"start":{"line":1,"column":0},"end":{"line":1,"column":32}},"1":{"start":{"line":8,"column":22},"end":{"line":29,"column":22}},"2":{"start":{"line":31,"column":0},"end":{"line":33,"column":2}},"3":{"start":{"line":32,"column":4},"end":{"line":32,"column":30}},"4":{"start":{"line":34,"column":15},"end":{"line":34,"column":81}},"5":{"start":{"line":35,"column":9},"end":{"line":35,"column":16}}},"fnMap":{"0":{"name":"(anonymous_1)","decl":{"start":{"line":31,"column":30},"end":{"line":31,"column":31}},"loc":{"start":{"line":31,"column":53},"end":{"line":33,"column":1}}}},"branchMap":{},"s":{"0":6,"1":6,"2":6,"3":0,"4":6,"5":6},"f":{"0":0},"b":{}}
,"C:\\Users\\kanuma\\Desktop\\andela\\projects\\html_css\\mybrand-api-ts\\src\\models\\message.ts": {"path":"C:\\Users\\kanuma\\Desktop\\andela\\projects\\html_css\\mybrand-api-ts\\src\\models\\message.ts","statementMap":{"0":{"start":{"line":1,"column":0},"end":{"line":1,"column":32}},"1":{"start":{"line":8,"column":22},"end":{"line":21,"column":21}},"2":{"start":{"line":23,"column":0},"end":{"line":25,"column":2}},"3":{"start":{"line":24,"column":4},"end":{"line":24,"column":30}},"4":{"start":{"line":26,"column":16},"end":{"line":26,"column":82}},"5":{"start":{"line":27,"column":9},"end":{"line":27,"column":16}}},"fnMap":{"0":{"name":"(anonymous_1)","decl":{"start":{"line":23,"column":30},"end":{"line":23,"column":31}},"loc":{"start":{"line":23,"column":53},"end":{"line":25,"column":1}}}},"branchMap":{},"s":{"0":6,"1":6,"2":6,"3":0,"4":6,"5":6},"f":{"0":0},"b":{}}
,"C:\\Users\\kanuma\\Desktop\\andela\\projects\\html_css\\mybrand-api-ts\\src\\models\\user.ts": {"path":"C:\\Users\\kanuma\\Desktop\\andela\\projects\\html_css\\mybrand-api-ts\\src\\models\\user.ts","statementMap":{"0":{"start":{"line":1,"column":0},"end":{"line":1,"column":32}},"1":{"start":{"line":2,"column":0},"end":{"line":2,"column":56}},"2":{"start":{"line":5,"column":0},"end":{"line":5,"column":28}},"3":{"start":{"line":11,"column":19},"end":{"line":51,"column":22}},"4":{"start":{"line":54,"column":0},"end":{"line":64,"column":3}},"5":{"start":{"line":55,"column":4},"end":{"line":63,"column":null}},"6":{"start":{"line":56,"column":8},"end":{"line":58,"column":null}},"7":{"start":{"line":57,"column":12},"end":{"line":57,"column":26}},"8":{"start":{"line":59,"column":29},"end":{"line":59,"column":65}},"9":{"start":{"line":60,"column":8},"end":{"line":60,"column":39}},"10":{"start":{"line":62,"column":8},"end":{"line":62,"column":25}},"11":{"start":{"line":67,"column":0},"end":{"line":75,"column":2}},"12":{"start":{"line":68,"column":4},"end":{"line":74,"column":null}},"13":{"start":{"line":69,"column":20},"end":{"line":69,"column":74}},"14":{"start":{"line":70,"column":6},"end":{"line":70,"column":21}},"15":{"start":{"line":72,"column":28},"end":{"line":72,"column":80}},"16":{"start":{"line":73,"column":6},"end":{"line":73,"column":23}},"17":{"start":{"line":77,"column":0},"end":{"line":77,"column":94}},"18":{"start":{"line":78,"column":0},"end":{"line":80,"column":2}},"19":{"start":{"line":79,"column":4},"end":{"line":79,"column":27}},"20":{"start":{"line":82,"column":13},"end":{"line":82,"column":67}},"21":{"start":{"line":83,"column":9},"end":{"line":83,"column":13}},"22":{"start":{"line":90,"column":85},"end":{"line":90,"column":37842}},"23":{"start":{"line":90,"column":89},"end":{"line":90,"column":37831}},"24":{"start":{"line":90,"column":37957},"end":{"line":90,"column":37963}},"25":{"start":{"line":90,"column":38078},"end":{"line":90,"column":38084}},"26":{"start":{"line":90,"column":38166},"end":{"line":90,"column":38172}},"27":{"start":{"line":90,"column":38257},"end":{"line":90,"column":38263}}},"fnMap":{"0":{"name":"(anonymous_8)","decl":{"start":{"line":54,"column":23},"end":{"line":54,"column":38}},"loc":{"start":{"line":54,"column":42},"end":{"line":64,"column":2}}},"1":{"name":"(anonymous_10)","decl":{"start":{"line":67,"column":37},"end":{"line":67,"column":52}},"loc":{"start":{"line":67,"column":75},"end":{"line":75,"column":2}}},"2":{"name":"(anonymous_12)","decl":{"start":{"line":78,"column":27},"end":{"line":78,"column":28}},"loc":{"start":{"line":78,"column":47},"end":{"line":80,"column":1}}},"3":{"name":"oo_cm","decl":{"start":{"line":90,"column":77},"end":{"line":90,"column":82}},"loc":{"start":{"line":90,"column":82},"end":{"line":90,"column":37843}}}},"branchMap":{"0":{"loc":{"start":{"line":56,"column":8},"end":{"line":58,"column":null}},"type":"if","locations":[{"start":{"line":56,"column":8},"end":{"line":58,"column":null}}]},"1":{"loc":{"start":{"line":90,"column":96},"end":{"line":90,"column":37830}},"type":"binary-expr","locations":[{"start":{"line":90,"column":96},"end":{"line":90,"column":133}},{"start":{"line":90,"column":137},"end":{"line":90,"column":37830}}]}},"s":{"0":6,"1":6,"2":6,"3":6,"4":6,"5":42,"6":42,"7":13,"8":29,"9":29,"10":0,"11":6,"12":3,"13":3,"14":3,"15":0,"16":0,"17":6,"18":6,"19":30,"20":6,"21":6,"22":0,"23":0,"24":6,"25":6,"26":6,"27":6},"f":{"0":42,"1":3,"2":30,"3":0},"b":{"0":[13],"1":[0,0]}}
,"C:\\Users\\kanuma\\Desktop\\andela\\projects\\html_css\\mybrand-api-ts\\src\\routes\\admin\\blogs.ts": {"path":"C:\\Users\\kanuma\\Desktop\\andela\\projects\\html_css\\mybrand-api-ts\\src\\routes\\admin\\blogs.ts","statementMap":{"0":{"start":{"line":1,"column":16},"end":{"line":1,"column":34}},"1":{"start":{"line":2,"column":15},"end":{"line":2,"column":50}},"2":{"start":{"line":25,"column":19},"end":{"line":25,"column":34}},"3":{"start":{"line":3,"column":0},"end":{"line":3,"column":108}},"4":{"start":{"line":4,"column":0},"end":{"line":4,"column":65}},"5":{"start":{"line":5,"column":0},"end":{"line":5,"column":29}},"6":{"start":{"line":6,"column":16},"end":{"line":6,"column":38}},"7":{"start":{"line":7,"column":15},"end":{"line":9,"column":2}},"8":{"start":{"line":10,"column":0},"end":{"line":15,"column":2}},"9":{"start":{"line":16,"column":0},"end":{"line":21,"column":2}},"10":{"start":{"line":22,"column":0},"end":{"line":22,"column":58}},"11":{"start":{"line":23,"column":0},"end":{"line":23,"column":51}}},"fnMap":{},"branchMap":{},"s":{"0":6,"1":6,"2":6,"3":6,"4":6,"5":6,"6":6,"7":6,"8":6,"9":6,"10":6,"11":6},"f":{},"b":{}}
,"C:\\Users\\kanuma\\Desktop\\andela\\projects\\html_css\\mybrand-api-ts\\src\\routes\\admin\\comments.ts": {"path":"C:\\Users\\kanuma\\Desktop\\andela\\projects\\html_css\\mybrand-api-ts\\src\\routes\\admin\\comments.ts","statementMap":{"0":{"start":{"line":1,"column":0},"end":{"line":1,"column":30}},"1":{"start":{"line":2,"column":16},"end":{"line":2,"column":51}},"2":{"start":{"line":10,"column":19},"end":{"line":10,"column":32}},"3":{"start":{"line":3,"column":0},"end":{"line":3,"column":103}},"4":{"start":{"line":4,"column":0},"end":{"line":4,"column":68}},"5":{"start":{"line":6,"column":0},"end":{"line":6,"column":67}},"6":{"start":{"line":7,"column":0},"end":{"line":7,"column":57}},"7":{"start":{"line":8,"column":0},"end":{"line":8,"column":63}}},"fnMap":{},"branchMap":{},"s":{"0":6,"1":6,"2":6,"3":6,"4":6,"5":6,"6":6,"7":6},"f":{},"b":{}}
,"C:\\Users\\kanuma\\Desktop\\andela\\projects\\html_css\\mybrand-api-ts\\src\\routes\\admin\\messages.ts": {"path":"C:\\Users\\kanuma\\Desktop\\andela\\projects\\html_css\\mybrand-api-ts\\src\\routes\\admin\\messages.ts","statementMap":{"0":{"start":{"line":1,"column":0},"end":{"line":1,"column":30}},"1":{"start":{"line":2,"column":16},"end":{"line":2,"column":51}},"2":{"start":{"line":9,"column":19},"end":{"line":9,"column":37}},"3":{"start":{"line":3,"column":0},"end":{"line":3,"column":112}},"4":{"start":{"line":5,"column":0},"end":{"line":5,"column":54}},"5":{"start":{"line":6,"column":0},"end":{"line":6,"column":64}},"6":{"start":{"line":7,"column":0},"end":{"line":7,"column":61}}},"fnMap":{},"branchMap":{},"s":{"0":6,"1":6,"2":6,"3":6,"4":6,"5":6,"6":6},"f":{},"b":{}}
,"C:\\Users\\kanuma\\Desktop\\andela\\projects\\html_css\\mybrand-api-ts\\src\\routes\\public\\auth.ts": {"path":"C:\\Users\\kanuma\\Desktop\\andela\\projects\\html_css\\mybrand-api-ts\\src\\routes\\public\\auth.ts","statementMap":{"0":{"start":{"line":1,"column":0},"end":{"line":1,"column":28}},"1":{"start":{"line":2,"column":0},"end":{"line":2,"column":16}},"2":{"start":{"line":3,"column":0},"end":{"line":3,"column":67}},"3":{"start":{"line":4,"column":16},"end":{"line":4,"column":51}},"4":{"start":{"line":72,"column":19},"end":{"line":72,"column":29}},"5":{"start":{"line":5,"column":0},"end":{"line":5,"column":41}},"6":{"start":{"line":6,"column":0},"end":{"line":6,"column":31}},"7":{"start":{"line":8,"column":0},"end":{"line":8,"column":83}},"8":{"start":{"line":9,"column":0},"end":{"line":9,"column":65}},"9":{"start":{"line":11,"column":15},"end":{"line":11,"column":47}},"10":{"start":{"line":13,"column":0},"end":{"line":42,"column":3}},"11":{"start":{"line":14,"column":54},"end":{"line":42,"column":2}},"12":{"start":{"line":15,"column":4},"end":{"line":41,"column":null}},"13":{"start":{"line":16,"column":24},"end":{"line":21,"column":10}},"14":{"start":{"line":22,"column":8},"end":{"line":22,"column":29}},"15":{"start":{"line":23,"column":36},"end":{"line":23,"column":88}},"16":{"start":{"line":24,"column":57},"end":{"line":24,"column":68}},"17":{"start":{"line":25,"column":8},"end":{"line":38,"column":null}},"18":{"start":{"line":26,"column":24},"end":{"line":35,"column":null}},"19":{"start":{"line":37,"column":12},"end":{"line":37,"column":104}},"20":{"start":{"line":40,"column":8},"end":{"line":40,"column":29}},"21":{"start":{"line":43,"column":0},"end":{"line":69,"column":3}},"22":{"start":{"line":44,"column":53},"end":{"line":69,"column":2}},"23":{"start":{"line":45,"column":4},"end":{"line":68,"column":null}},"24":{"start":{"line":46,"column":26},"end":{"line":48,"column":10}},"25":{"start":{"line":49,"column":8},"end":{"line":49,"column":null}},"26":{"start":{"line":49,"column":30},"end":{"line":49,"column":null}},"27":{"start":{"line":50,"column":21},"end":{"line":50,"column":33}},"28":{"start":{"line":51,"column":57},"end":{"line":51,"column":61}},"29":{"start":{"line":52,"column":22},"end":{"line":52,"column":67}},"30":{"start":{"line":53,"column":8},"end":{"line":53,"column":85}},"31":{"start":{"line":53,"column":21},"end":{"line":53,"column":85}},"32":{"start":{"line":54,"column":20},"end":{"line":63,"column":null}},"33":{"start":{"line":65,"column":8},"end":{"line":65,"column":80}},"34":{"start":{"line":67,"column":8},"end":{"line":67,"column":29}}},"fnMap":{"0":{"name":"(anonymous_8)","decl":{"start":{"line":14,"column":1},"end":{"line":14,"column":7}},"loc":{"start":{"line":14,"column":54},"end":{"line":42,"column":2}}},"1":{"name":"(anonymous_9)","decl":{"start":{"line":14,"column":54},"end":{"line":14,"column":null}},"loc":{"start":{"line":14,"column":54},"end":{"line":42,"column":1}}},"2":{"name":"(anonymous_10)","decl":{"start":{"line":44,"column":0},"end":{"line":44,"column":6}},"loc":{"start":{"line":44,"column":53},"end":{"line":69,"column":2}}},"3":{"name":"(anonymous_11)","decl":{"start":{"line":44,"column":53},"end":{"line":44,"column":null}},"loc":{"start":{"line":44,"column":53},"end":{"line":69,"column":1}}}},"branchMap":{"0":{"loc":{"start":{"line":25,"column":8},"end":{"line":38,"column":null}},"type":"if","locations":[{"start":{"line":25,"column":8},"end":{"line":38,"column":null}}]},"1":{"loc":{"start":{"line":49,"column":8},"end":{"line":49,"column":null}},"type":"if","locations":[{"start":{"line":49,"column":8},"end":{"line":49,"column":null}}]},"2":{"loc":{"start":{"line":53,"column":8},"end":{"line":53,"column":85}},"type":"if","locations":[{"start":{"line":53,"column":8},"end":{"line":53,"column":85}}]}},"s":{"0":6,"1":6,"2":6,"3":6,"4":6,"5":6,"6":6,"7":6,"8":6,"9":6,"10":6,"11":30,"12":30,"13":30,"14":30,"15":29,"16":29,"17":29,"18":29,"19":29,"20":1,"21":6,"22":4,"23":4,"24":4,"25":4,"26":1,"27":3,"28":3,"29":3,"30":3,"31":1,"32":2,"33":2,"34":2},"f":{"0":30,"1":30,"2":4,"3":4},"b":{"0":[29],"1":[1],"2":[1]}}
,"C:\\Users\\kanuma\\Desktop\\andela\\projects\\html_css\\mybrand-api-ts\\src\\routes\\public\\blogs.ts": {"path":"C:\\Users\\kanuma\\Desktop\\andela\\projects\\html_css\\mybrand-api-ts\\src\\routes\\public\\blogs.ts","statementMap":{"0":{"start":{"line":1,"column":0},"end":{"line":1,"column":30}},"1":{"start":{"line":2,"column":16},"end":{"line":2,"column":51}},"2":{"start":{"line":8,"column":19},"end":{"line":8,"column":35}},"3":{"start":{"line":3,"column":0},"end":{"line":3,"column":82}},"4":{"start":{"line":5,"column":0},"end":{"line":5,"column":51}},"5":{"start":{"line":6,"column":0},"end":{"line":6,"column":58}}},"fnMap":{},"branchMap":{},"s":{"0":6,"1":6,"2":6,"3":6,"4":6,"5":6},"f":{},"b":{}}
,"C:\\Users\\kanuma\\Desktop\\andela\\projects\\html_css\\mybrand-api-ts\\src\\routes\\public\\messages.ts": {"path":"C:\\Users\\kanuma\\Desktop\\andela\\projects\\html_css\\mybrand-api-ts\\src\\routes\\public\\messages.ts","statementMap":{"0":{"start":{"line":1,"column":0},"end":{"line":1,"column":30}},"1":{"start":{"line":2,"column":16},"end":{"line":2,"column":51}},"2":{"start":{"line":8,"column":19},"end":{"line":8,"column":38}},"3":{"start":{"line":3,"column":0},"end":{"line":3,"column":62}},"4":{"start":{"line":4,"column":0},"end":{"line":4,"column":68}},"5":{"start":{"line":6,"column":0},"end":{"line":6,"column":67}}},"fnMap":{},"branchMap":{},"s":{"0":6,"1":6,"2":6,"3":6,"4":6,"5":6},"f":{},"b":{}}
,"C:\\Users\\kanuma\\Desktop\\andela\\projects\\html_css\\mybrand-api-ts\\src\\services\\cloudinary.ts": {"path":"C:\\Users\\kanuma\\Desktop\\andela\\projects\\html_css\\mybrand-api-ts\\src\\services\\cloudinary.ts","statementMap":{"0":{"start":{"line":1,"column":0},"end":{"line":1,"column":44}},"1":{"start":{"line":3,"column":19},"end":{"line":3,"column":41}},"2":{"start":{"line":4,"column":16},"end":{"line":4,"column":41}},"3":{"start":{"line":5,"column":19},"end":{"line":5,"column":47}},"4":{"start":{"line":7,"column":0},"end":{"line":11,"column":3}},"5":{"start":{"line":12,"column":27},"end":{"line":12,"column":95}},"6":{"start":{"line":12,"column":49},"end":{"line":12,"column":95}},"7":{"start":{"line":12,"column":13},"end":{"line":12,"column":27}}},"fnMap":{"0":{"name":"(anonymous_0)","decl":{"start":{"line":12,"column":27},"end":{"line":12,"column":28}},"loc":{"start":{"line":12,"column":49},"end":{"line":12,"column":95}}}},"branchMap":{},"s":{"0":6,"1":6,"2":6,"3":6,"4":6,"5":6,"6":14,"7":6},"f":{"0":14},"b":{}}
,"C:\\Users\\kanuma\\Desktop\\andela\\projects\\html_css\\mybrand-api-ts\\src\\services\\data-uri.ts": {"path":"C:\\Users\\kanuma\\Desktop\\andela\\projects\\html_css\\mybrand-api-ts\\src\\services\\data-uri.ts","statementMap":{"0":{"start":{"line":1,"column":22},"end":{"line":1,"column":47}},"1":{"start":{"line":2,"column":15},"end":{"line":2,"column":34}},"2":{"start":{"line":4,"column":23},"end":{"line":4,"column":66}},"3":{"start":{"line":4,"column":32},"end":{"line":4,"column":66}},"4":{"start":{"line":4,"column":13},"end":{"line":4,"column":23}}},"fnMap":{"0":{"name":"(anonymous_0)","decl":{"start":{"line":4,"column":23},"end":{"line":4,"column":24}},"loc":{"start":{"line":4,"column":32},"end":{"line":4,"column":66}}}},"branchMap":{},"s":{"0":6,"1":6,"2":6,"3":14,"4":6},"f":{"0":14},"b":{}}
}
