TN:
SF:src/app.ts
FN:45,(anonymous_1)
FNF:1
FNH:1
FNDA:1,(anonymous_1)
DA:1,8
DA:2,8
DA:4,8
DA:5,8
DA:7,8
DA:8,8
DA:10,8
DA:11,8
DA:12,8
DA:13,8
DA:14,8
DA:15,8
DA:16,8
DA:17,8
DA:18,8
DA:19,8
DA:20,8
DA:21,8
DA:22,8
DA:24,8
DA:25,8
DA:30,8
DA:31,8
DA:32,8
DA:33,8
DA:37,8
DA:38,8
DA:39,8
DA:40,8
DA:41,8
DA:42,8
DA:43,8
DA:45,8
DA:46,1
DA:48,8
DA:50,8
LF:36
LH:36
BRF:0
BRH:0
end_of_record
TN:
SF:src/index.ts
FN:9,(anonymous_8)
FN:9,(anonymous_9)
FN:26,(anonymous_10)
FNF:3
FNH:0
FNDA:0,(anonymous_8)
FNDA:0,(anonymous_9)
FNDA:0,(anonymous_10)
DA:1,0
DA:2,0
DA:4,0
DA:5,0
DA:7,0
DA:9,0
DA:10,0
DA:11,0
DA:12,0
DA:14,0
DA:15,0
DA:17,0
DA:18,0
DA:19,0
DA:22,0
DA:26,0
DA:27,0
DA:30,0
LF:18
LH:0
BRDA:7,0,0,0
BRDA:7,0,1,0
BRDA:11,1,0,0
BRDA:14,2,0,0
BRF:4
BRH:0
end_of_record
TN:
SF:src/errors/bad-request-error.ts
FN:6,(anonymous_0)
FN:11,(anonymous_1)
FNF:2
FNH:1
FNDA:2,(anonymous_0)
FNDA:0,(anonymous_1)
DA:1,8
DA:3,8
DA:4,2
DA:6,2
DA:7,2
DA:8,2
DA:12,0
LF:7
LH:6
BRF:0
BRH:0
end_of_record
TN:
SF:src/errors/custom-error.ts
FN:4,(anonymous_0)
FNF:1
FNH:1
FNDA:18,(anonymous_0)
DA:1,8
DA:4,18
DA:5,18
DA:7,18
LF:4
LH:4
BRF:0
BRH:0
end_of_record
TN:
SF:src/errors/not-authorized-error.ts
FN:6,(anonymous_0)
FN:11,(anonymous_1)
FNF:2
FNH:1
FNDA:2,(anonymous_0)
FNDA:0,(anonymous_1)
DA:1,8
DA:3,8
DA:4,2
DA:6,2
DA:7,2
DA:8,2
DA:12,0
LF:7
LH:6
BRF:0
BRH:0
end_of_record
TN:
SF:src/errors/not-found-error.ts
FN:7,(anonymous_0)
FN:12,(anonymous_1)
FNF:2
FNH:1
FNDA:4,(anonymous_0)
FNDA:0,(anonymous_1)
DA:1,8
DA:4,8
DA:5,4
DA:7,4
DA:8,4
DA:9,4
DA:13,0
LF:7
LH:6
BRF:0
BRH:0
end_of_record
TN:
SF:src/errors/request-validation-error.ts
FN:6,(anonymous_0)
FN:11,(anonymous_1)
FNF:2
FNH:1
FNDA:10,(anonymous_0)
FNDA:0,(anonymous_1)
DA:1,8
DA:3,8
DA:4,10
DA:6,10
DA:7,10
DA:8,10
DA:12,0
LF:7
LH:6
BRF:0
BRH:0
end_of_record
TN:
SF:src/handlers/blogs.ts
FN:20,(anonymous_7)
FN:20,(anonymous_8)
FN:29,(anonymous_9)
FN:29,(anonymous_10)
FN:50,(anonymous_11)
FN:50,(anonymous_12)
FN:57,(anonymous_13)
FN:89,(anonymous_14)
FN:89,(anonymous_15)
FN:99,(anonymous_16)
FN:122,(anonymous_17)
FN:122,(anonymous_18)
FN:143,(anonymous_19)
FN:143,(anonymous_20)
FNF:14
FNH:14
FNDA:7,(anonymous_7)
FNDA:7,(anonymous_8)
FNDA:1,(anonymous_9)
FNDA:1,(anonymous_10)
FNDA:14,(anonymous_11)
FNDA:14,(anonymous_12)
FNDA:13,(anonymous_13)
FNDA:2,(anonymous_14)
FNDA:2,(anonymous_15)
FNDA:2,(anonymous_16)
FNDA:2,(anonymous_17)
FNDA:2,(anonymous_18)
FNDA:2,(anonymous_19)
FNDA:2,(anonymous_20)
DA:2,8
DA:3,8
DA:4,8
DA:5,8
DA:7,8
DA:8,8
DA:9,8
DA:20,8
DA:21,7
DA:22,7
DA:23,7
DA:25,0
DA:29,8
DA:30,1
DA:31,1
DA:32,1
DA:42,1
DA:43,1
DA:44,1
DA:46,0
DA:50,14
DA:51,14
DA:52,14
DA:54,14
DA:55,13
DA:56,13
DA:57,13
DA:58,13
DA:60,13
DA:61,13
DA:62,13
DA:63,13
DA:64,13
DA:65,13
DA:66,13
DA:68,1
DA:70,13
DA:72,13
DA:79,13
DA:80,13
DA:81,13
DA:82,13
DA:83,13
DA:85,0
DA:89,8
DA:90,2
DA:91,2
DA:92,2
DA:93,2
DA:94,2
DA:96,2
DA:97,2
DA:98,2
DA:99,2
DA:100,2
DA:102,2
DA:103,2
DA:104,2
DA:105,2
DA:106,2
DA:107,2
DA:108,2
DA:110,2
DA:112,2
DA:113,2
DA:114,2
DA:115,2
DA:116,1
DA:118,1
DA:122,8
DA:123,2
DA:124,2
DA:125,2
DA:126,2
DA:127,2
DA:128,1
DA:129,1
DA:130,1
DA:133,1
DA:135,2
DA:136,2
DA:137,2
DA:139,0
DA:143,8
DA:144,2
DA:145,2
DA:146,2
DA:147,2
DA:148,2
DA:149,2
DA:150,2
DA:152,1
LF:92
LH:88
BRDA:42,0,0,0
BRDA:54,1,0,13
BRDA:54,1,1,1
BRDA:58,2,0,0
BRDA:92,3,0,0
BRDA:93,4,0,1
BRDA:96,5,0,2
BRDA:100,6,0,0
BRDA:125,7,0,0
BRDA:127,8,0,1
BRDA:127,8,1,1
BRDA:129,9,0,1
BRDA:146,10,0,0
BRDA:147,11,0,1
BRF:14
BRH:8
end_of_record
TN:
SF:src/handlers/comments.ts
FN:7,(anonymous_7)
FN:7,(anonymous_8)
FN:34,(anonymous_9)
FN:34,(anonymous_10)
FN:61,(anonymous_11)
FN:61,(anonymous_12)
FNF:6
FNH:6
FNDA:5,(anonymous_7)
FNDA:5,(anonymous_8)
FNDA:3,(anonymous_9)
FNDA:3,(anonymous_10)
FNDA:3,(anonymous_11)
FNDA:3,(anonymous_12)
DA:2,8
DA:3,8
DA:4,8
DA:7,8
DA:8,5
DA:9,5
DA:10,5
DA:11,4
DA:16,4
DA:17,4
DA:18,4
DA:19,4
DA:28,4
DA:30,0
DA:34,8
DA:35,3
DA:36,3
DA:37,3
DA:38,3
DA:39,3
DA:40,3
DA:41,0
DA:42,0
DA:43,0
DA:46,3
DA:47,3
DA:48,1
DA:49,1
DA:50,1
DA:53,3
DA:54,3
DA:55,3
DA:57,0
DA:61,8
DA:62,3
DA:63,3
DA:64,3
DA:66,3
DA:67,3
DA:69,3
DA:70,0
DA:71,0
DA:72,0
DA:75,3
DA:76,3
DA:77,2
DA:78,2
DA:79,2
DA:82,3
DA:83,3
DA:84,3
DA:86,0
LF:52
LH:43
BRDA:10,0,0,1
BRDA:37,1,0,0
BRDA:40,2,0,0
BRDA:40,2,1,3
BRDA:42,3,0,0
BRDA:47,4,0,1
BRDA:49,5,0,1
BRDA:64,6,0,0
BRDA:69,7,0,0
BRDA:69,7,1,3
BRDA:71,8,0,0
BRDA:76,9,0,2
BRDA:78,10,0,2
BRF:13
BRH:7
end_of_record
TN:
SF:src/handlers/messages.ts
FN:6,(anonymous_7)
FN:6,(anonymous_8)
FN:19,(anonymous_9)
FN:19,(anonymous_10)
FN:29,(anonymous_11)
FN:29,(anonymous_12)
FN:39,(anonymous_13)
FN:39,(anonymous_14)
FNF:8
FNH:8
FNDA:5,(anonymous_7)
FNDA:5,(anonymous_8)
FNDA:2,(anonymous_9)
FNDA:2,(anonymous_10)
FNDA:2,(anonymous_11)
FNDA:2,(anonymous_12)
FNDA:2,(anonymous_13)
FNDA:2,(anonymous_14)
DA:2,8
DA:3,8
DA:4,8
DA:6,8
DA:7,5
DA:8,5
DA:9,5
DA:12,5
DA:13,5
DA:15,0
DA:19,8
DA:20,2
DA:21,2
DA:22,2
DA:23,2
DA:25,0
DA:29,8
DA:30,2
DA:31,2
DA:32,2
DA:33,2
DA:35,1
DA:39,8
DA:40,2
DA:41,2
DA:42,2
DA:43,2
DA:44,2
DA:45,1
DA:46,1
DA:48,1
LF:31
LH:29
BRDA:22,0,0,0
BRDA:32,1,0,1
BRDA:41,2,0,0
BRDA:43,3,0,1
BRF:4
BRH:2
end_of_record
TN:
SF:src/middleware/error-handler.ts
FN:4,errorHandler
FNF:1
FNH:1
FNDA:19,errorHandler
DA:2,8
DA:4,8
DA:5,19
DA:6,19
DA:7,0
DA:9,19
DA:10,18
DA:12,1
LF:8
LH:7
BRDA:6,0,0,0
BRDA:9,1,0,18
BRDA:9,1,1,1
BRF:3
BRH:2
end_of_record
TN:
SF:src/middleware/index.ts
FN:22,checkIsUserAdmin
FN:35,authorizeUser
FNF:2
FNH:2
FNDA:29,checkIsUserAdmin
FNDA:12,authorizeUser
DA:1,8
DA:4,8
DA:5,8
DA:7,8
DA:8,8
DA:9,8
DA:11,8
DA:22,8
DA:23,29
DA:24,29
DA:25,29
DA:26,29
DA:27,29
DA:28,29
DA:29,29
DA:30,29
DA:32,0
DA:35,8
DA:36,12
DA:37,12
DA:38,12
DA:39,12
DA:40,12
DA:41,12
DA:42,12
DA:43,12
DA:45,0
LF:27
LH:25
BRDA:24,0,0,0
BRDA:24,0,1,29
BRDA:24,1,0,29
BRDA:24,1,1,29
BRDA:25,2,0,0
BRDA:27,3,0,0
BRDA:37,4,0,0
BRDA:37,4,1,12
BRDA:37,5,0,12
BRDA:37,5,1,12
BRDA:38,6,0,0
BRDA:40,7,0,0
BRF:12
BRH:6
end_of_record
TN:
SF:src/middleware/validate-request.ts
FN:37,(anonymous_7)
FN:37,(anonymous_8)
FN:44,(anonymous_9)
FN:44,(anonymous_10)
FN:51,(anonymous_11)
FN:51,(anonymous_12)
FN:58,(anonymous_13)
FN:58,(anonymous_14)
FN:65,(anonymous_15)
FN:65,(anonymous_16)
FNF:10
FNH:10
FNDA:37,(anonymous_7)
FNDA:37,(anonymous_8)
FNDA:5,(anonymous_9)
FNDA:5,(anonymous_10)
FNDA:18,(anonymous_11)
FNDA:18,(anonymous_12)
FNDA:6,(anonymous_13)
FNDA:6,(anonymous_14)
FNDA:6,(anonymous_15)
FNDA:6,(anonymous_16)
DA:2,8
DA:3,8
DA:6,8
DA:14,8
DA:20,8
DA:26,8
DA:31,8
DA:37,37
DA:38,37
DA:39,37
DA:40,33
DA:44,8
DA:45,5
DA:46,5
DA:47,4
DA:51,18
DA:52,18
DA:53,18
DA:54,16
DA:58,8
DA:59,6
DA:60,6
DA:61,5
DA:65,8
DA:66,6
DA:67,6
DA:68,5
LF:27
LH:27
BRDA:39,0,0,4
BRDA:46,1,0,1
BRDA:53,2,0,2
BRDA:60,3,0,1
BRDA:67,4,0,1
BRF:5
BRH:5
end_of_record
TN:
SF:src/models/blog.ts
FN:44,(anonymous_1)
FNF:1
FNH:1
FNDA:14,(anonymous_1)
DA:1,9
DA:8,9
DA:44,9
DA:45,14
DA:47,9
DA:48,9
LF:6
LH:6
BRF:0
BRH:0
end_of_record
TN:
SF:src/models/comment.ts
FN:31,(anonymous_1)
FNF:1
FNH:1
FNDA:5,(anonymous_1)
DA:1,9
DA:8,9
DA:31,9
DA:32,5
DA:34,9
DA:35,9
LF:6
LH:6
BRF:0
BRH:0
end_of_record
TN:
SF:src/models/message.ts
FN:23,(anonymous_1)
FNF:1
FNH:1
FNDA:6,(anonymous_1)
DA:1,9
DA:8,9
DA:23,9
DA:24,6
DA:26,9
DA:27,9
LF:6
LH:6
BRF:0
BRH:0
end_of_record
TN:
SF:src/models/user.ts
FN:57,userPreSaveFunction
FN:69,(anonymous_10)
FN:78,(anonymous_12)
FNF:3
FNH:3
FNDA:46,userPreSaveFunction
FNDA:4,(anonymous_10)
FNDA:34,(anonymous_12)
DA:1,9
DA:2,9
DA:4,9
DA:12,9
DA:55,9
DA:57,9
DA:58,46
DA:59,46
DA:60,13
DA:62,32
DA:63,32
DA:65,1
DA:69,9
DA:70,4
DA:71,4
DA:72,3
DA:74,1
DA:78,9
DA:79,34
DA:81,9
DA:82,9
DA:83,9
LF:22
LH:22
BRDA:59,0,0,13
BRF:1
BRH:1
end_of_record
TN:
SF:src/routes/admin/auth.ts
FN:8,(anonymous_8)
FN:8,(anonymous_9)
FNF:2
FNH:2
FNDA:1,(anonymous_8)
FNDA:1,(anonymous_9)
DA:1,8
DA:2,8
DA:4,8
DA:5,8
DA:7,8
DA:8,1
DA:9,1
DA:10,1
DA:11,1
DA:12,1
DA:14,0
DA:18,8
LF:12
LH:11
BRDA:11,0,0,0
BRF:1
BRH:0
end_of_record
TN:
SF:src/routes/admin/blogs.ts
FNF:0
FNH:0
DA:1,8
DA:2,8
DA:3,8
DA:4,8
DA:5,8
DA:6,8
DA:7,8
DA:10,8
DA:16,8
DA:22,8
DA:23,8
DA:25,8
LF:12
LH:12
BRF:0
BRH:0
end_of_record
TN:
SF:src/routes/admin/comments.ts
FNF:0
FNH:0
DA:1,8
DA:2,8
DA:3,8
DA:4,8
DA:6,8
DA:7,8
DA:8,8
DA:10,8
LF:8
LH:8
BRF:0
BRH:0
end_of_record
TN:
SF:src/routes/admin/messages.ts
FNF:0
FNH:0
DA:1,8
DA:2,8
DA:3,8
DA:5,8
DA:6,8
DA:7,8
DA:9,8
LF:7
LH:7
BRF:0
BRH:0
end_of_record
TN:
SF:src/routes/public/auth.ts
FN:14,(anonymous_8)
FN:14,(anonymous_9)
FN:44,(anonymous_10)
FN:44,(anonymous_11)
FNF:4
FNH:4
FNDA:33,(anonymous_8)
FNDA:33,(anonymous_9)
FNDA:4,(anonymous_10)
FNDA:4,(anonymous_11)
DA:1,8
DA:2,8
DA:3,8
DA:4,8
DA:5,8
DA:6,8
DA:8,8
DA:9,8
DA:11,8
DA:13,8
DA:14,33
DA:15,33
DA:16,33
DA:22,33
DA:23,32
DA:24,32
DA:25,32
DA:26,32
DA:37,32
DA:40,1
DA:43,8
DA:44,4
DA:45,4
DA:46,4
DA:49,4
DA:50,4
DA:51,4
DA:52,3
DA:53,3
DA:54,2
DA:65,2
DA:67,1
DA:72,8
LF:33
LH:33
BRDA:25,0,0,32
BRDA:49,1,0,1
BRDA:53,2,0,1
BRF:3
BRH:3
end_of_record
TN:
SF:src/routes/public/blogs.ts
FNF:0
FNH:0
DA:1,8
DA:2,8
DA:3,8
DA:5,8
DA:6,8
DA:8,8
LF:6
LH:6
BRF:0
BRH:0
end_of_record
TN:
SF:src/routes/public/messages.ts
FNF:0
FNH:0
DA:1,8
DA:2,8
DA:3,8
DA:4,8
DA:6,8
DA:8,8
LF:6
LH:6
BRF:0
BRH:0
end_of_record
TN:
SF:src/services/cloudinary.ts
FN:12,(anonymous_0)
FNF:1
FNH:1
FNDA:15,(anonymous_0)
DA:1,8
DA:3,8
DA:4,8
DA:5,8
DA:7,8
DA:12,15
LF:6
LH:6
BRF:0
BRH:0
end_of_record
TN:
SF:src/services/data-uri.ts
FN:4,(anonymous_0)
FNF:1
FNH:1
FNDA:15,(anonymous_0)
DA:1,8
DA:2,8
DA:4,15
LF:3
LH:3
BRF:0
BRH:0
end_of_record
