TN:
SF:src\app.ts
FN:45,(anonymous_1)
FNF:1
FNH:1
FNDA:1,(anonymous_1)
DA:1,8
DA:2,8
DA:4,8
DA:5,8
DA:7,8
DA:8,8
DA:10,8
DA:11,8
DA:12,8
DA:13,8
DA:14,8
DA:15,8
DA:16,8
DA:17,8
DA:18,8
DA:19,8
DA:20,8
DA:21,8
DA:22,8
DA:24,8
DA:25,8
DA:30,8
DA:31,8
DA:32,8
DA:33,8
DA:37,8
DA:38,8
DA:39,8
DA:40,8
DA:41,8
DA:42,8
DA:43,8
DA:45,8
DA:46,1
DA:48,8
DA:50,8
LF:36
LH:36
BRF:0
BRH:0
end_of_record
TN:
SF:src\index.ts
FN:9,(anonymous_8)
FN:9,(anonymous_9)
FN:26,(anonymous_10)
FNF:3
FNH:0
FNDA:0,(anonymous_8)
FNDA:0,(anonymous_9)
FNDA:0,(anonymous_10)
DA:1,0
DA:2,0
DA:4,0
DA:5,0
DA:7,0
DA:9,0
DA:10,0
DA:11,0
DA:12,0
DA:14,0
DA:15,0
DA:17,0
DA:18,0
DA:19,0
DA:22,0
DA:26,0
DA:27,0
DA:30,0
LF:18
LH:0
BRDA:7,0,0,0
BRDA:7,0,1,0
BRDA:11,1,0,0
BRDA:14,2,0,0
BRF:4
BRH:0
end_of_record
TN:
SF:src\errors\bad-request-error.ts
FN:6,(anonymous_0)
FN:11,(anonymous_1)
FNF:2
FNH:1
FNDA:2,(anonymous_0)
FNDA:0,(anonymous_1)
DA:1,8
DA:3,8
DA:4,2
DA:6,2
DA:7,2
DA:8,2
DA:12,0
LF:7
LH:6
BRF:0
BRH:0
end_of_record
TN:
SF:src\errors\custom-error.ts
FN:4,(anonymous_0)
FNF:1
FNH:1
FNDA:15,(anonymous_0)
DA:1,8
DA:4,15
DA:5,15
DA:7,15
LF:4
LH:4
BRF:0
BRH:0
end_of_record
TN:
SF:src\errors\not-authorized-error.ts
FN:6,(anonymous_0)
FN:11,(anonymous_1)
FNF:2
FNH:0
FNDA:0,(anonymous_0)
FNDA:0,(anonymous_1)
DA:1,8
DA:3,8
DA:4,0
DA:6,0
DA:7,0
DA:8,0
DA:12,0
LF:7
LH:2
BRF:0
BRH:0
end_of_record
TN:
SF:src\errors\not-found-error.ts
FN:7,(anonymous_0)
FN:12,(anonymous_1)
FNF:2
FNH:1
FNDA:4,(anonymous_0)
FNDA:0,(anonymous_1)
DA:1,8
DA:4,8
DA:5,4
DA:7,4
DA:8,4
DA:9,4
DA:13,0
LF:7
LH:6
BRF:0
BRH:0
end_of_record
TN:
SF:src\errors\request-validation-error.ts
FN:6,(anonymous_0)
FN:11,(anonymous_1)
FNF:2
FNH:1
FNDA:9,(anonymous_0)
FNDA:0,(anonymous_1)
DA:1,8
DA:3,8
DA:4,9
DA:6,9
DA:7,9
DA:8,9
DA:12,0
LF:7
LH:6
BRF:0
BRH:0
end_of_record
TN:
SF:src\handlers\blogs.ts
FN:19,(anonymous_7)
FN:19,(anonymous_8)
FN:28,(anonymous_9)
FN:28,(anonymous_10)
FN:49,(anonymous_11)
FN:49,(anonymous_12)
FN:56,(anonymous_13)
FN:86,(anonymous_14)
FN:86,(anonymous_15)
FN:96,(anonymous_16)
FN:119,(anonymous_17)
FN:119,(anonymous_18)
FN:140,(anonymous_19)
FN:140,(anonymous_20)
FN:158,oo_cm
FNF:15
FNH:8
FNDA:2,(anonymous_7)
FNDA:2,(anonymous_8)
FNDA:0,(anonymous_9)
FNDA:0,(anonymous_10)
FNDA:14,(anonymous_11)
FNDA:14,(anonymous_12)
FNDA:9,(anonymous_13)
FNDA:1,(anonymous_14)
FNDA:1,(anonymous_15)
FNDA:1,(anonymous_16)
FNDA:0,(anonymous_17)
FNDA:0,(anonymous_18)
FNDA:0,(anonymous_19)
FNDA:0,(anonymous_20)
FNDA:0,oo_cm
DA:2,8
DA:3,8
DA:4,8
DA:5,8
DA:7,8
DA:8,8
DA:9,8
DA:19,8
DA:20,2
DA:21,2
DA:22,2
DA:24,0
DA:28,8
DA:29,0
DA:30,0
DA:31,0
DA:41,0
DA:42,0
DA:43,0
DA:45,0
DA:49,14
DA:50,14
DA:51,14
DA:53,14
DA:54,13
DA:55,13
DA:56,13
DA:57,9
DA:59,5
DA:60,5
DA:61,5
DA:62,5
DA:63,5
DA:64,5
DA:65,5
DA:67,1
DA:69,5
DA:70,5
DA:76,5
DA:77,5
DA:78,5
DA:79,3
DA:80,3
DA:82,6
DA:86,8
DA:87,1
DA:88,1
DA:89,1
DA:90,1
DA:91,1
DA:93,1
DA:94,1
DA:95,1
DA:96,1
DA:97,1
DA:99,1
DA:100,1
DA:101,1
DA:102,1
DA:103,1
DA:104,1
DA:105,1
DA:107,1
DA:109,1
DA:110,1
DA:111,1
DA:112,1
DA:113,1
DA:115,0
DA:119,8
DA:120,0
DA:121,0
DA:122,0
DA:123,0
DA:124,0
DA:125,0
DA:126,0
DA:127,0
DA:130,0
DA:132,0
DA:133,0
DA:134,0
DA:136,0
DA:140,8
DA:141,0
DA:142,0
DA:143,0
DA:144,0
DA:145,0
DA:146,0
DA:147,0
DA:149,0
DA:158,8
LF:93
LH:63
BRDA:41,0,0,0
BRDA:53,1,0,13
BRDA:53,1,1,1
BRDA:57,2,0,4
BRDA:89,3,0,0
BRDA:90,4,0,0
BRDA:93,5,0,1
BRDA:97,6,0,0
BRDA:122,7,0,0
BRDA:124,8,0,0
BRDA:124,8,1,0
BRDA:126,9,0,0
BRDA:143,10,0,0
BRDA:144,11,0,0
BRDA:158,12,0,0
BRDA:158,12,1,0
BRF:16
BRH:4
end_of_record
TN:
SF:src\handlers\comments.ts
FN:6,(anonymous_7)
FN:6,(anonymous_8)
FN:33,(anonymous_9)
FN:33,(anonymous_10)
FN:60,(anonymous_11)
FN:60,(anonymous_12)
FNF:6
FNH:4
FNDA:2,(anonymous_7)
FNDA:2,(anonymous_8)
FNDA:0,(anonymous_9)
FNDA:0,(anonymous_10)
FNDA:1,(anonymous_11)
FNDA:1,(anonymous_12)
DA:2,8
DA:3,8
DA:4,8
DA:6,8
DA:7,2
DA:8,2
DA:9,2
DA:10,1
DA:15,1
DA:16,1
DA:17,1
DA:18,1
DA:27,1
DA:29,0
DA:33,8
DA:34,0
DA:35,0
DA:36,0
DA:37,0
DA:38,0
DA:39,0
DA:40,0
DA:41,0
DA:42,0
DA:45,0
DA:46,0
DA:47,0
DA:48,0
DA:49,0
DA:52,0
DA:53,0
DA:54,0
DA:56,0
DA:60,8
DA:61,1
DA:62,1
DA:63,1
DA:65,1
DA:66,1
DA:68,1
DA:69,0
DA:70,0
DA:71,0
DA:74,1
DA:75,1
DA:76,0
DA:77,0
DA:78,0
DA:81,1
DA:82,1
DA:83,1
DA:85,0
LF:52
LH:26
BRDA:9,0,0,1
BRDA:36,1,0,0
BRDA:39,2,0,0
BRDA:39,2,1,0
BRDA:41,3,0,0
BRDA:46,4,0,0
BRDA:48,5,0,0
BRDA:63,6,0,0
BRDA:68,7,0,0
BRDA:68,7,1,1
BRDA:70,8,0,0
BRDA:75,9,0,0
BRDA:77,10,0,0
BRF:13
BRH:2
end_of_record
TN:
SF:src\handlers\messages.ts
FN:6,(anonymous_7)
FN:6,(anonymous_8)
FN:19,(anonymous_9)
FN:19,(anonymous_10)
FN:29,(anonymous_11)
FN:29,(anonymous_12)
FN:39,(anonymous_13)
FN:39,(anonymous_14)
FNF:8
FNH:8
FNDA:5,(anonymous_7)
FNDA:5,(anonymous_8)
FNDA:2,(anonymous_9)
FNDA:2,(anonymous_10)
FNDA:2,(anonymous_11)
FNDA:2,(anonymous_12)
FNDA:2,(anonymous_13)
FNDA:2,(anonymous_14)
DA:2,8
DA:3,8
DA:4,8
DA:6,8
DA:7,5
DA:8,5
DA:9,5
DA:12,5
DA:13,5
DA:15,0
DA:19,8
DA:20,2
DA:21,2
DA:22,2
DA:23,2
DA:25,0
DA:29,8
DA:30,2
DA:31,2
DA:32,2
DA:33,2
DA:35,1
DA:39,8
DA:40,2
DA:41,2
DA:42,2
DA:43,2
DA:44,2
DA:45,1
DA:46,1
DA:48,1
LF:31
LH:29
BRDA:22,0,0,0
BRDA:32,1,0,1
BRDA:41,2,0,0
BRDA:43,3,0,1
BRF:4
BRH:2
end_of_record
TN:
SF:src\middleware\error-handler.ts
FN:4,errorHandler
FN:21,oo_cm
FNF:2
FNH:2
FNDA:21,errorHandler
FNDA:21,oo_cm
DA:2,8
DA:4,8
DA:5,21
DA:6,21
DA:7,4
DA:9,17
DA:10,15
DA:12,2
DA:21,21
LF:9
LH:9
BRDA:6,0,0,4
BRDA:9,1,0,15
BRDA:9,1,1,2
BRDA:21,2,0,21
BRDA:21,2,1,6
BRF:5
BRH:5
end_of_record
TN:
SF:src\middleware\index.ts
FN:22,checkIsUserAdmin
FN:35,authorizeUser
FNF:2
FNH:2
FNDA:24,checkIsUserAdmin
FNDA:3,authorizeUser
DA:1,8
DA:4,8
DA:5,8
DA:7,8
DA:8,8
DA:9,8
DA:11,8
DA:22,8
DA:23,24
DA:24,24
DA:25,24
DA:26,24
DA:27,24
DA:28,24
DA:29,24
DA:30,24
DA:32,0
DA:35,8
DA:36,3
DA:37,3
DA:38,3
DA:39,3
DA:40,3
DA:41,3
DA:42,3
DA:43,3
DA:45,0
LF:27
LH:25
BRDA:24,0,0,0
BRDA:24,0,1,24
BRDA:24,1,0,24
BRDA:24,1,1,24
BRDA:25,2,0,0
BRDA:27,3,0,0
BRDA:37,4,0,0
BRDA:37,4,1,3
BRDA:37,5,0,3
BRDA:37,5,1,3
BRDA:38,6,0,0
BRDA:40,7,0,0
BRF:12
BRH:6
end_of_record
TN:
SF:src\middleware\validate-request.ts
FN:37,(anonymous_7)
FN:37,(anonymous_8)
FN:44,(anonymous_9)
FN:44,(anonymous_10)
FN:51,(anonymous_11)
FN:51,(anonymous_12)
FN:58,(anonymous_13)
FN:58,(anonymous_14)
FN:65,(anonymous_15)
FN:65,(anonymous_16)
FNF:10
FNH:10
FNDA:35,(anonymous_7)
FNDA:35,(anonymous_8)
FNDA:5,(anonymous_9)
FNDA:5,(anonymous_10)
FNDA:17,(anonymous_11)
FNDA:17,(anonymous_12)
FNDA:2,(anonymous_13)
FNDA:2,(anonymous_14)
FNDA:6,(anonymous_15)
FNDA:6,(anonymous_16)
DA:2,8
DA:3,8
DA:6,8
DA:14,8
DA:20,8
DA:26,8
DA:31,8
DA:37,35
DA:38,35
DA:39,35
DA:40,31
DA:44,8
DA:45,5
DA:46,5
DA:47,4
DA:51,17
DA:52,17
DA:53,17
DA:54,15
DA:58,8
DA:59,2
DA:60,2
DA:61,2
DA:65,8
DA:66,6
DA:67,6
DA:68,5
LF:27
LH:27
BRDA:39,0,0,4
BRDA:46,1,0,1
BRDA:53,2,0,2
BRDA:60,3,0,0
BRDA:67,4,0,1
BRF:5
BRH:4
end_of_record
TN:
SF:src\models\blog.ts
FN:44,(anonymous_1)
FNF:1
FNH:1
FNDA:6,(anonymous_1)
DA:1,9
DA:8,9
DA:44,9
DA:45,6
DA:47,9
DA:48,9
LF:6
LH:6
BRF:0
BRH:0
end_of_record
TN:
SF:src\models\comment.ts
FN:31,(anonymous_1)
FNF:1
FNH:1
FNDA:2,(anonymous_1)
DA:1,9
DA:8,9
DA:31,9
DA:32,2
DA:34,9
DA:35,9
LF:6
LH:6
BRF:0
BRH:0
end_of_record
TN:
SF:src\models\message.ts
FN:23,(anonymous_1)
FNF:1
FNH:1
FNDA:6,(anonymous_1)
DA:1,9
DA:8,9
DA:23,9
DA:24,6
DA:26,9
DA:27,9
LF:6
LH:6
BRF:0
BRH:0
end_of_record
TN:
SF:src\models\user.ts
FN:57,userPreSaveFunction
FN:71,(anonymous_10)
FN:80,(anonymous_12)
FNF:3
FNH:3
FNDA:34,userPreSaveFunction
FNDA:4,(anonymous_10)
FNDA:32,(anonymous_12)
DA:1,9
DA:2,9
DA:4,9
DA:5,9
DA:12,9
DA:55,9
DA:57,9
DA:58,34
DA:59,34
DA:60,3
DA:62,30
DA:63,30
DA:65,1
DA:71,9
DA:72,4
DA:73,4
DA:74,3
DA:76,1
DA:80,9
DA:81,32
DA:83,9
DA:84,9
DA:85,9
LF:23
LH:23
BRDA:59,0,0,3
BRF:1
BRH:1
end_of_record
TN:
SF:src\routes\admin\auth.ts
FN:8,(anonymous_8)
FN:8,(anonymous_9)
FNF:2
FNH:2
FNDA:1,(anonymous_8)
FNDA:1,(anonymous_9)
DA:1,8
DA:2,8
DA:4,8
DA:5,8
DA:7,8
DA:8,1
DA:9,1
DA:10,1
DA:11,1
DA:12,1
DA:14,0
DA:18,8
LF:12
LH:11
BRDA:11,0,0,0
BRF:1
BRH:0
end_of_record
TN:
SF:src\routes\admin\blogs.ts
FNF:0
FNH:0
DA:1,8
DA:2,8
DA:3,8
DA:4,8
DA:5,8
DA:6,8
DA:7,8
DA:10,8
DA:16,8
DA:22,8
DA:23,8
DA:25,8
LF:12
LH:12
BRF:0
BRH:0
end_of_record
TN:
SF:src\routes\admin\comments.ts
FNF:0
FNH:0
DA:1,8
DA:2,8
DA:3,8
DA:4,8
DA:6,8
DA:7,8
DA:8,8
DA:10,8
LF:8
LH:8
BRF:0
BRH:0
end_of_record
TN:
SF:src\routes\admin\messages.ts
FNF:0
FNH:0
DA:1,8
DA:2,8
DA:3,8
DA:5,8
DA:6,8
DA:7,8
DA:9,8
LF:7
LH:7
BRF:0
BRH:0
end_of_record
TN:
SF:src\routes\public\auth.ts
FN:14,(anonymous_8)
FN:14,(anonymous_9)
FN:44,(anonymous_10)
FN:44,(anonymous_11)
FNF:4
FNH:4
FNDA:31,(anonymous_8)
FNDA:31,(anonymous_9)
FNDA:4,(anonymous_10)
FNDA:4,(anonymous_11)
DA:1,8
DA:2,8
DA:3,8
DA:4,8
DA:5,8
DA:6,8
DA:8,8
DA:9,8
DA:11,8
DA:13,8
DA:14,31
DA:15,31
DA:16,31
DA:22,31
DA:23,30
DA:24,30
DA:25,30
DA:26,30
DA:37,30
DA:40,0
DA:43,8
DA:44,4
DA:45,4
DA:46,4
DA:49,4
DA:50,4
DA:51,4
DA:52,3
DA:53,3
DA:54,2
DA:65,2
DA:67,1
DA:72,8
LF:33
LH:32
BRDA:25,0,0,30
BRDA:49,1,0,1
BRDA:53,2,0,1
BRF:3
BRH:3
end_of_record
TN:
SF:src\routes\public\blogs.ts
FNF:0
FNH:0
DA:1,8
DA:2,8
DA:3,8
DA:5,8
DA:6,8
DA:8,8
LF:6
LH:6
BRF:0
BRH:0
end_of_record
TN:
SF:src\routes\public\messages.ts
FNF:0
FNH:0
DA:1,8
DA:2,8
DA:3,8
DA:4,8
DA:6,8
DA:8,8
LF:6
LH:6
BRF:0
BRH:0
end_of_record
TN:
SF:src\services\cloudinary.ts
FN:12,(anonymous_0)
FNF:1
FNH:1
FNDA:14,(anonymous_0)
DA:1,8
DA:3,8
DA:4,8
DA:5,8
DA:7,8
DA:12,14
LF:6
LH:6
BRF:0
BRH:0
end_of_record
TN:
SF:src\services\data-uri.ts
FN:4,(anonymous_0)
FNF:1
FNH:1
FNDA:14,(anonymous_0)
DA:1,8
DA:2,8
DA:4,14
LF:3
LH:3
BRF:0
BRH:0
end_of_record
